 -----------------------------------------------------------------------------
|                                                                             |
|     EEEEEEE  RRRRRR   RRRRRR   OOOOOOO  RRRRRR      ###     ###     ###     |
|     E        R     R  R     R  O     O  R     R     ###     ###     ###     |
|     E        R     R  R     R  O     O  R     R     ###     ###     ###     |
|     EEEEE    RRRRRR   RRRRRR   O     O  RRRRRR       #       #       #      |
|     E        R   R    R   R    O     O  R   R                               |
|     E        R    R   R    R   O     O  R    R      ###     ###     ###     |
|     EEEEEEE  R     R  R     R  OOOOOOO  R     R     ###     ###     ###     |
|                                                                             |
|     No INCAR found, STOPPING                                                |
|                                                                             |
|       ---->  I REFUSE TO CONTINUE WITH THIS SICK JOB ... BYE!!! <----       |
|                                                                             |
 -----------------------------------------------------------------------------

 -----------------------------------------------------------------------------
|                                                                             |
|     EEEEEEE  RRRRRR   RRRRRR   OOOOOOO  RRRRRR      ###     ###     ###     |
|     E        R     R  R     R  O     O  R     R     ###     ###     ###     |
|     E        R     R  R     R  O     O  R     R     ###     ###     ###     |
|     EEEEE    RRRRRR   RRRRRR   O     O  RRRRRR       #       #       #      |
|     E        R   R    R   R    O     O  R   R                               |
|     E        R    R   R    R   O     O  R    R      ###     ###     ###     |
|     EEEEEEE  R     R  R     R  OOOOOOO  R     R     ###     ###     ###     |
|                                                                             |
|     No INCAR found, STOPPING                                                |
|                                                                             |
|       ---->  I REFUSE TO CONTINUE WITH THIS SICK JOB ... BYE!!! <----       |
|                                                                             |
 -----------------------------------------------------------------------------

 -----------------------------------------------------------------------------
|                                                                             |
|     EEEEEEE  RRRRRR   RRRRRR   OOOOOOO  RRRRRR      ###     ###     ###     |
|     E        R     R  R     R  O     O  R     R     ###     ###     ###     |
|     E        R     R  R     R  O     O  R     R     ###     ###     ###     |
|     EEEEE    RRRRRR   RRRRRR   O     O  RRRRRR       #       #       #      |
|     E        R   R    R   R    O     O  R   R                               |
|     E        R    R   R    R   O     O  R    R      ###     ###     ###     |
|     EEEEEEE  R     R  R     R  OOOOOOO  R     R     ###     ###     ###     |
|                                                                             |
|     No INCAR found, STOPPING                                                |
|                                                                             |
|       ---->  I REFUSE TO CONTINUE WITH THIS SICK JOB ... BYE!!! <----       |
|                                                                             |
 -----------------------------------------------------------------------------

 -----------------------------------------------------------------------------
|                                                                             |
|     EEEEEEE  RRRRRR   RRRRRR   OOOOOOO  RRRRRR      ###     ###     ###     |
|     E        R     R  R     R  O     O  R     R     ###     ###     ###     |
|     E        R     R  R     R  O     O  R     R     ###     ###     ###     |
|     EEEEE    RRRRRR   RRRRRR   O     O  RRRRRR       #       #       #      |
|     E        R   R    R   R    O     O  R   R                               |
|     E        R    R   R    R   O     O  R    R      ###     ###     ###     |
|     EEEEEEE  R     R  R     R  OOOOOOO  R     R     ###     ###     ###     |
|                                                                             |
|     No INCAR found, STOPPING                                                |
|                                                                             |
|       ---->  I REFUSE TO CONTINUE WITH THIS SICK JOB ... BYE!!! <----       |
|                                                                             |
 -----------------------------------------------------------------------------

 -----------------------------------------------------------------------------
|                                                                             |
|     EEEEEEE  RRRRRR   RRRRRR   OOOOOOO  RRRRRR      ###     ###     ###     |
|     E        R     R  R     R  O     O  R     R     ###     ###     ###     |
|     E        R     R  R     R  O     O  R     R     ###     ###     ###     |
|     EEEEE    RRRRRR   RRRRRR   O     O  RRRRRR       #       #       #      |
|     E        R   R    R   R    O     O  R   R                               |
|     E        R    R   R    R   O     O  R    R      ###     ###     ###     |
|     EEEEEEE  R     R  R     R  OOOOOOO  R     R     ###     ###     ###     |
|                                                                             |
|     No INCAR found, STOPPING                                                |
|                                                                             |
|       ---->  I REFUSE TO CONTINUE WITH THIS SICK JOB ... BYE!!! <----       |
|                                                                             |
 -----------------------------------------------------------------------------

 -----------------------------------------------------------------------------
|                                                                             |
|     EEEEEEE  RRRRRR   RRRRRR   OOOOOOO  RRRRRR      ###     ###     ###     |
|     E        R     R  R     R  O     O  R     R     ###     ###     ###     |
|     E        R     R  R     R  O     O  R     R     ###     ###     ###     |
|     EEEEE    RRRRRR   RRRRRR   O     O  RRRRRR       #       #       #      |
|     E        R   R    R   R    O     O  R   R                               |
|     E        R    R   R    R   O     O  R    R      ###     ###     ###     |
|     EEEEEEE  R     R  R     R  OOOOOOO  R     R     ###     ###     ###     |
|                                                                             |
|     No INCAR found, STOPPING                                                |
|                                                                             |
|       ---->  I REFUSE TO CONTINUE WITH THIS SICK JOB ... BYE!!! <----       |
|                                                                             |
 -----------------------------------------------------------------------------

 -----------------------------------------------------------------------------
|                                                                             |
|     EEEEEEE  RRRRRR   RRRRRR   OOOOOOO  RRRRRR      ###     ###     ###     |
|     E        R     R  R     R  O     O  R     R     ###     ###     ###     |
|     E        R     R  R     R  O     O  R     R     ###     ###     ###     |
|     EEEEE    RRRRRR   RRRRRR   O     O  RRRRRR       #       #       #      |
|     E        R   R    R   R    O     O  R   R                               |
|     E        R    R   R    R   O     O  R    R      ###     ###     ###     |
|     EEEEEEE  R     R  R     R  OOOOOOO  R     R     ###     ###     ###     |
|                                                                             |
|     No INCAR found, STOPPING                                                |
|                                                                             |
|       ---->  I REFUSE TO CONTINUE WITH THIS SICK JOB ... BYE!!! <----       |
|                                                                             |
 -----------------------------------------------------------------------------

 -----------------------------------------------------------------------------
|                                                                             |
|     EEEEEEE  RRRRRR   RRRRRR   OOOOOOO  RRRRRR      ###     ###     ###     |
|     E        R     R  R     R  O     O  R     R     ###     ###     ###     |
|     E        R     R  R     R  O     O  R     R     ###     ###     ###     |
|     EEEEE    RRRRRR   RRRRRR   O     O  RRRRRR       #       #       #      |
|     E        R   R    R   R    O     O  R   R                               |
|     E        R    R   R    R   O     O  R    R      ###     ###     ###     |
|     EEEEEEE  R     R  R     R  OOOOOOO  R     R     ###     ###     ###     |
|                                                                             |
|     No INCAR found, STOPPING                                                |
|                                                                             |
|       ---->  I REFUSE TO CONTINUE WITH THIS SICK JOB ... BYE!!! <----       |
|                                                                             |
 -----------------------------------------------------------------------------

 -----------------------------------------------------------------------------
|                                                                             |
|     EEEEEEE  RRRRRR   RRRRRR   OOOOOOO  RRRRRR      ###     ###     ###     |
|     E        R     R  R     R  O     O  R     R     ###     ###     ###     |
|     E        R     R  R     R  O     O  R     R     ###     ###     ###     |
|     EEEEE    RRRRRR   RRRRRR   O     O  RRRRRR       #       #       #      |
|     E        R   R    R   R    O     O  R   R                               |
|     E        R    R   R    R   O     O  R    R      ###     ###     ###     |
|     EEEEEEE  R     R  R     R  OOOOOOO  R     R     ###     ###     ###     |
|                                                                             |
|     No INCAR found, STOPPING                                                |
|                                                                             |
|       ---->  I REFUSE TO CONTINUE WITH THIS SICK JOB ... BYE!!! <----       |
|                                                                             |
 -----------------------------------------------------------------------------

 -----------------------------------------------------------------------------
|                                                                             |
|     EEEEEEE  RRRRRR   RRRRRR   OOOOOOO  RRRRRR      ###     ###     ###     |
|     E        R     R  R     R  O     O  R     R     ###     ###     ###     |
|     E        R     R  R     R  O     O  R     R     ###     ###     ###     |
|     EEEEE    RRRRRR   RRRRRR   O     O  RRRRRR       #       #       #      |
|     E        R   R    R   R    O     O  R   R                               |
|     E        R    R   R    R   O     O  R    R      ###     ###     ###     |
|     EEEEEEE  R     R  R     R  OOOOOOO  R     R     ###     ###     ###     |
|                                                                             |
|     No INCAR found, STOPPING                                                |
|                                                                             |
|       ---->  I REFUSE TO CONTINUE WITH THIS SICK JOB ... BYE!!! <----       |
|                                                                             |
 -----------------------------------------------------------------------------

 -----------------------------------------------------------------------------
|                                                                             |
|     EEEEEEE  RRRRRR   RRRRRR   OOOOOOO  RRRRRR      ###     ###     ###     |
|     E        R     R  R     R  O     O  R     R     ###     ###     ###     |
|     E        R     R  R     R  O     O  R     R     ###     ###     ###     |
|     EEEEE    RRRRRR   RRRRRR   O     O  RRRRRR       #       #       #      |
|     E        R   R    R   R    O     O  R   R                               |
|     E        R    R   R    R   O     O  R    R      ###     ###     ###     |
|     EEEEEEE  R     R  R     R  OOOOOOO  R     R     ###     ###     ###     |
|                                                                             |
|     No INCAR found, STOPPING                                                |
|                                                                             |
|       ---->  I REFUSE TO CONTINUE WITH THIS SICK JOB ... BYE!!! <----       |
|                                                                             |
 -----------------------------------------------------------------------------

 -----------------------------------------------------------------------------
|                                                                             |
|     EEEEEEE  RRRRRR   RRRRRR   OOOOOOO  RRRRRR      ###     ###     ###     |
|     E        R     R  R     R  O     O  R     R     ###     ###     ###     |
|     E        R     R  R     R  O     O  R     R     ###     ###     ###     |
|     EEEEE    RRRRRR   RRRRRR   O     O  RRRRRR       #       #       #      |
|     E        R   R    R   R    O     O  R   R                               |
|     E        R    R   R    R   O     O  R    R      ###     ###     ###     |
|     EEEEEEE  R     R  R     R  OOOOOOO  R     R     ###     ###     ###     |
|                                                                             |
|     No INCAR found, STOPPING                                                |
|                                                                             |
|       ---->  I REFUSE TO CONTINUE WITH THIS SICK JOB ... BYE!!! <----       |
|                                                                             |
 -----------------------------------------------------------------------------

 -----------------------------------------------------------------------------
|                                                                             |
|     EEEEEEE  RRRRRR   RRRRRR   OOOOOOO  RRRRRR      ###     ###     ###     |
|     E        R     R  R     R  O     O  R     R     ###     ###     ###     |
|     E        R     R  R     R  O     O  R     R     ###     ###     ###     |
|     EEEEE    RRRRRR   RRRRRR   O     O  RRRRRR       #       #       #      |
|     E        R   R    R   R    O     O  R   R                               |
|     E        R    R   R    R   O     O  R    R      ###     ###     ###     |
|     EEEEEEE  R     R  R     R  OOOOOOO  R     R     ###     ###     ###     |
|                                                                             |
|     No INCAR found, STOPPING                                                |
|                                                                             |
|       ---->  I REFUSE TO CONTINUE WITH THIS SICK JOB ... BYE!!! <----       |
|                                                                             |
 -----------------------------------------------------------------------------

 -----------------------------------------------------------------------------
|                                                                             |
|     EEEEEEE  RRRRRR   RRRRRR   OOOOOOO  RRRRRR      ###     ###     ###     |
|     E        R     R  R     R  O     O  R     R     ###     ###     ###     |
|     E        R     R  R     R  O     O  R     R     ###     ###     ###     |
|     EEEEE    RRRRRR   RRRRRR   O     O  RRRRRR       #       #       #      |
|     E        R   R    R   R    O     O  R   R                               |
|     E        R    R   R    R   O     O  R    R      ###     ###     ###     |
|     EEEEEEE  R     R  R     R  OOOOOOO  R     R     ###     ###     ###     |
|                                                                             |
|     No INCAR found, STOPPING                                                |
|                                                                             |
|       ---->  I REFUSE TO CONTINUE WITH THIS SICK JOB ... BYE!!! <----       |
|                                                                             |
 -----------------------------------------------------------------------------

 -----------------------------------------------------------------------------
|                                                                             |
|     EEEEEEE  RRRRRR   RRRRRR   OOOOOOO  RRRRRR      ###     ###     ###     |
|     E        R     R  R     R  O     O  R     R     ###     ###     ###     |
|     E        R     R  R     R  O     O  R     R     ###     ###     ###     |
|     EEEEE    RRRRRR   RRRRRR   O     O  RRRRRR       #       #       #      |
|     E        R   R    R   R    O     O  R   R                               |
|     E        R    R   R    R   O     O  R    R      ###     ###     ###     |
|     EEEEEEE  R     R  R     R  OOOOOOO  R     R     ###     ###     ###     |
|                                                                             |
|     No INCAR found, STOPPING                                                |
|                                                                             |
|       ---->  I REFUSE TO CONTINUE WITH THIS SICK JOB ... BYE!!! <----       |
|                                                                             |
 -----------------------------------------------------------------------------

 -----------------------------------------------------------------------------
|                                                                             |
|     EEEEEEE  RRRRRR   RRRRRR   OOOOOOO  RRRRRR      ###     ###     ###     |
|     E        R     R  R     R  O     O  R     R     ###     ###     ###     |
|     E        R     R  R     R  O     O  R     R     ###     ###     ###     |
|     EEEEE    RRRRRR   RRRRRR   O     O  RRRRRR       #       #       #      |
|     E        R   R    R   R    O     O  R   R                               |
|     E        R    R   R    R   O     O  R    R      ###     ###     ###     |
|     EEEEEEE  R     R  R     R  OOOOOOO  R     R     ###     ###     ###     |
|                                                                             |
|     No INCAR found, STOPPING                                                |
|                                                                             |
|       ---->  I REFUSE TO CONTINUE WITH THIS SICK JOB ... BYE!!! <----       |
|                                                                             |
 -----------------------------------------------------------------------------

 -----------------------------------------------------------------------------
|                                                                             |
|     EEEEEEE  RRRRRR   RRRRRR   OOOOOOO  RRRRRR      ###     ###     ###     |
|     E        R     R  R     R  O     O  R     R     ###     ###     ###     |
|     E        R     R  R     R  O     O  R     R     ###     ###     ###     |
|     EEEEE    RRRRRR   RRRRRR   O     O  RRRRRR       #       #       #      |
|     E        R   R    R   R    O     O  R   R                               |
|     E        R    R   R    R   O     O  R    R      ###     ###     ###     |
|     EEEEEEE  R     R  R     R  OOOOOOO  R     R     ###     ###     ###     |
|                                                                             |
|     No INCAR found, STOPPING                                                |
|                                                                             |
|       ---->  I REFUSE TO CONTINUE WITH THIS SICK JOB ... BYE!!! <----       |
|                                                                             |
 -----------------------------------------------------------------------------

 -----------------------------------------------------------------------------
|                                                                             |
|     EEEEEEE  RRRRRR   RRRRRR   OOOOOOO  RRRRRR      ###     ###     ###     |
|     E        R     R  R     R  O     O  R     R     ###     ###     ###     |
|     E        R     R  R     R  O     O  R     R     ###     ###     ###     |
|     EEEEE    RRRRRR   RRRRRR   O     O  RRRRRR       #       #       #      |
|     E        R   R    R   R    O     O  R   R                               |
|     E        R    R   R    R   O     O  R    R      ###     ###     ###     |
|     EEEEEEE  R     R  R     R  OOOOOOO  R     R     ###     ###     ###     |
|                                                                             |
|     No INCAR found, STOPPING                                                |
|                                                                             |
|       ---->  I REFUSE TO CONTINUE WITH THIS SICK JOB ... BYE!!! <----       |
|                                                                             |
 -----------------------------------------------------------------------------

 -----------------------------------------------------------------------------
|                                                                             |
|     EEEEEEE  RRRRRR   RRRRRR   OOOOOOO  RRRRRR      ###     ###     ###     |
|     E        R     R  R     R  O     O  R     R     ###     ###     ###     |
|     E        R     R  R     R  O     O  R     R     ###     ###     ###     |
|     EEEEE    RRRRRR   RRRRRR   O     O  RRRRRR       #       #       #      |
|     E        R   R    R   R    O     O  R   R                               |
|     E        R    R   R    R   O     O  R    R      ###     ###     ###     |
|     EEEEEEE  R     R  R     R  OOOOOOO  R     R     ###     ###     ###     |
|                                                                             |
|     No INCAR found, STOPPING                                                |
|                                                                             |
|       ---->  I REFUSE TO CONTINUE WITH THIS SICK JOB ... BYE!!! <----       |
|                                                                             |
 -----------------------------------------------------------------------------

 -----------------------------------------------------------------------------
|                                                                             |
|     EEEEEEE  RRRRRR   RRRRRR   OOOOOOO  RRRRRR      ###     ###     ###     |
|     E        R     R  R     R  O     O  R     R     ###     ###     ###     |
|     E        R     R  R     R  O     O  R     R     ###     ###     ###     |
|     EEEEE    RRRRRR   RRRRRR   O     O  RRRRRR       #       #       #      |
|     E        R   R    R   R    O     O  R   R                               |
|     E        R    R   R    R   O     O  R    R      ###     ###     ###     |
|     EEEEEEE  R     R  R     R  OOOOOOO  R     R     ###     ###     ###     |
|                                                                             |
|     No INCAR found, STOPPING                                                |
|                                                                             |
|       ---->  I REFUSE TO CONTINUE WITH THIS SICK JOB ... BYE!!! <----       |
|                                                                             |
 -----------------------------------------------------------------------------

 -----------------------------------------------------------------------------
|                                                                             |
|     EEEEEEE  RRRRRR   RRRRRR   OOOOOOO  RRRRRR      ###     ###     ###     |
|     E        R     R  R     R  O     O  R     R     ###     ###     ###     |
|     E        R     R  R     R  O     O  R     R     ###     ###     ###     |
|     EEEEE    RRRRRR   RRRRRR   O     O  RRRRRR       #       #       #      |
|     E        R   R    R   R    O     O  R   R                               |
|     E        R    R   R    R   O     O  R    R      ###     ###     ###     |
|     EEEEEEE  R     R  R     R  OOOOOOO  R     R     ###     ###     ###     |
|                                                                             |
|     No INCAR found, STOPPING                                                |
|                                                                             |
|       ---->  I REFUSE TO CONTINUE WITH THIS SICK JOB ... BYE!!! <----       |
|                                                                             |
 -----------------------------------------------------------------------------

 -----------------------------------------------------------------------------
|                                                                             |
|     EEEEEEE  RRRRRR   RRRRRR   OOOOOOO  RRRRRR      ###     ###     ###     |
|     E        R     R  R     R  O     O  R     R     ###     ###     ###     |
|     E        R     R  R     R  O     O  R     R     ###     ###     ###     |
|     EEEEE    RRRRRR   RRRRRR   O     O  RRRRRR       #       #       #      |
|     E        R   R    R   R    O     O  R   R                               |
|     E        R    R   R    R   O     O  R    R      ###     ###     ###     |
|     EEEEEEE  R     R  R     R  OOOOOOO  R     R     ###     ###     ###     |
|                                                                             |
|     No INCAR found, STOPPING                                                |
|                                                                             |
|       ---->  I REFUSE TO CONTINUE WITH THIS SICK JOB ... BYE!!! <----       |
|                                                                             |
 -----------------------------------------------------------------------------

 -----------------------------------------------------------------------------
|                                                                             |
|     EEEEEEE  RRRRRR   RRRRRR   OOOOOOO  RRRRRR      ###     ###     ###     |
|     E        R     R  R     R  O     O  R     R     ###     ###     ###     |
|     E        R     R  R     R  O     O  R     R     ###     ###     ###     |
|     EEEEE    RRRRRR   RRRRRR   O     O  RRRRRR       #       #       #      |
|     E        R   R    R   R    O     O  R   R                               |
|     E        R    R   R    R   O     O  R    R      ###     ###     ###     |
|     EEEEEEE  R     R  R     R  OOOOOOO  R     R     ###     ###     ###     |
|                                                                             |
|     No INCAR found, STOPPING                                                |
|                                                                             |
|       ---->  I REFUSE TO CONTINUE WITH THIS SICK JOB ... BYE!!! <----       |
|                                                                             |
 -----------------------------------------------------------------------------

 -----------------------------------------------------------------------------
|                                                                             |
|     EEEEEEE  RRRRRR   RRRRRR   OOOOOOO  RRRRRR      ###     ###     ###     |
|     E        R     R  R     R  O     O  R     R     ###     ###     ###     |
|     E        R     R  R     R  O     O  R     R     ###     ###     ###     |
|     EEEEE    RRRRRR   RRRRRR   O     O  RRRRRR       #       #       #      |
|     E        R   R    R   R    O     O  R   R                               |
|     E        R    R   R    R   O     O  R    R      ###     ###     ###     |
|     EEEEEEE  R     R  R     R  OOOOOOO  R     R     ###     ###     ###     |
|                                                                             |
|     No INCAR found, STOPPING                                                |
|                                                                             |
|       ---->  I REFUSE TO CONTINUE WITH THIS SICK JOB ... BYE!!! <----       |
|                                                                             |
 -----------------------------------------------------------------------------

 -----------------------------------------------------------------------------
|                                                                             |
|     EEEEEEE  RRRRRR   RRRRRR   OOOOOOO  RRRRRR      ###     ###     ###     |
|     E        R     R  R     R  O     O  R     R     ###     ###     ###     |
|     E        R     R  R     R  O     O  R     R     ###     ###     ###     |
|     EEEEE    RRRRRR   RRRRRR   O     O  RRRRRR       #       #       #      |
|     E        R   R    R   R    O     O  R   R                               |
|     E        R    R   R    R   O     O  R    R      ###     ###     ###     |
|     EEEEEEE  R     R  R     R  OOOOOOO  R     R     ###     ###     ###     |
|                                                                             |
|     No INCAR found, STOPPING                                                |
|                                                                             |
|       ---->  I REFUSE TO CONTINUE WITH THIS SICK JOB ... BYE!!! <----       |
|                                                                             |
 -----------------------------------------------------------------------------

 -----------------------------------------------------------------------------
|                                                                             |
|     EEEEEEE  RRRRRR   RRRRRR   OOOOOOO  RRRRRR      ###     ###     ###     |
|     E        R     R  R     R  O     O  R     R     ###     ###     ###     |
|     E        R     R  R     R  O     O  R     R     ###     ###     ###     |
|     EEEEE    RRRRRR   RRRRRR   O     O  RRRRRR       #       #       #      |
|     E        R   R    R   R    O     O  R   R                               |
|     E        R    R   R    R   O     O  R    R      ###     ###     ###     |
|     EEEEEEE  R     R  R     R  OOOOOOO  R     R     ###     ###     ###     |
|                                                                             |
|     No INCAR found, STOPPING                                                |
|                                                                             |
|       ---->  I REFUSE TO CONTINUE WITH THIS SICK JOB ... BYE!!! <----       |
|                                                                             |
 -----------------------------------------------------------------------------

 -----------------------------------------------------------------------------
|                                                                             |
|     EEEEEEE  RRRRRR   RRRRRR   OOOOOOO  RRRRRR      ###     ###     ###     |
|     E        R     R  R     R  O     O  R     R     ###     ###     ###     |
|     E        R     R  R     R  O     O  R     R     ###     ###     ###     |
|     EEEEE    RRRRRR   RRRRRR   O     O  RRRRRR       #       #       #      |
|     E        R   R    R   R    O     O  R   R                               |
|     E        R    R   R    R   O     O  R    R      ###     ###     ###     |
|     EEEEEEE  R     R  R     R  OOOOOOO  R     R     ###     ###     ###     |
|                                                                             |
|     No INCAR found, STOPPING                                                |
|                                                                             |
|       ---->  I REFUSE TO CONTINUE WITH THIS SICK JOB ... BYE!!! <----       |
|                                                                             |
 -----------------------------------------------------------------------------

 -----------------------------------------------------------------------------
|                                                                             |
|     EEEEEEE  RRRRRR   RRRRRR   OOOOOOO  RRRRRR      ###     ###     ###     |
|     E        R     R  R     R  O     O  R     R     ###     ###     ###     |
|     E        R     R  R     R  O     O  R     R     ###     ###     ###     |
|     EEEEE    RRRRRR   RRRRRR   O     O  RRRRRR       #       #       #      |
|     E        R   R    R   R    O     O  R   R                               |
|     E        R    R   R    R   O     O  R    R      ###     ###     ###     |
|     EEEEEEE  R     R  R     R  OOOOOOO  R     R     ###     ###     ###     |
|                                                                             |
|     No INCAR found, STOPPING                                                |
|                                                                             |
|       ---->  I REFUSE TO CONTINUE WITH THIS SICK JOB ... BYE!!! <----       |
|                                                                             |
 -----------------------------------------------------------------------------

 -----------------------------------------------------------------------------
|                                                                             |
|     EEEEEEE  RRRRRR   RRRRRR   OOOOOOO  RRRRRR      ###     ###     ###     |
|     E        R     R  R     R  O     O  R     R     ###     ###     ###     |
|     E        R     R  R     R  O     O  R     R     ###     ###     ###     |
|     EEEEE    RRRRRR   RRRRRR   O     O  RRRRRR       #       #       #      |
|     E        R   R    R   R    O     O  R   R                               |
|     E        R    R   R    R   O     O  R    R      ###     ###     ###     |
|     EEEEEEE  R     R  R     R  OOOOOOO  R     R     ###     ###     ###     |
|                                                                             |
|     No INCAR found, STOPPING                                                |
|                                                                             |
|       ---->  I REFUSE TO CONTINUE WITH THIS SICK JOB ... BYE!!! <----       |
|                                                                             |
 -----------------------------------------------------------------------------

 -----------------------------------------------------------------------------
|                                                                             |
|     EEEEEEE  RRRRRR   RRRRRR   OOOOOOO  RRRRRR      ###     ###     ###     |
|     E        R     R  R     R  O     O  R     R     ###     ###     ###     |
|     E        R     R  R     R  O     O  R     R     ###     ###     ###     |
|     EEEEE    RRRRRR   RRRRRR   O     O  RRRRRR       #       #       #      |
|     E        R   R    R   R    O     O  R   R                               |
|     E        R    R   R    R   O     O  R    R      ###     ###     ###     |
|     EEEEEEE  R     R  R     R  OOOOOOO  R     R     ###     ###     ###     |
|                                                                             |
|     No INCAR found, STOPPING                                                |
|                                                                             |
|       ---->  I REFUSE TO CONTINUE WITH THIS SICK JOB ... BYE!!! <----       |
|                                                                             |
 -----------------------------------------------------------------------------

 -----------------------------------------------------------------------------
|                                                                             |
|     EEEEEEE  RRRRRR   RRRRRR   OOOOOOO  RRRRRR      ###     ###     ###     |
|     E        R     R  R     R  O     O  R     R     ###     ###     ###     |
|     E        R     R  R     R  O     O  R     R     ###     ###     ###     |
|     EEEEE    RRRRRR   RRRRRR   O     O  RRRRRR       #       #       #      |
|     E        R   R    R   R    O     O  R   R                               |
|     E        R    R   R    R   O     O  R    R      ###     ###     ###     |
|     EEEEEEE  R     R  R     R  OOOOOOO  R     R     ###     ###     ###     |
|                                                                             |
|     No INCAR found, STOPPING                                                |
|                                                                             |
|       ---->  I REFUSE TO CONTINUE WITH THIS SICK JOB ... BYE!!! <----       |
|                                                                             |
 -----------------------------------------------------------------------------

 -----------------------------------------------------------------------------
|                                                                             |
|     EEEEEEE  RRRRRR   RRRRRR   OOOOOOO  RRRRRR      ###     ###     ###     |
|     E        R     R  R     R  O     O  R     R     ###     ###     ###     |
|     E        R     R  R     R  O     O  R     R     ###     ###     ###     |
|     EEEEE    RRRRRR   RRRRRR   O     O  RRRRRR       #       #       #      |
|     E        R   R    R   R    O     O  R   R                               |
|     E        R    R   R    R   O     O  R    R      ###     ###     ###     |
|     EEEEEEE  R     R  R     R  OOOOOOO  R     R     ###     ###     ###     |
|                                                                             |
|     No INCAR found, STOPPING                                                |
|                                                                             |
|       ---->  I REFUSE TO CONTINUE WITH THIS SICK JOB ... BYE!!! <----       |
|                                                                             |
 -----------------------------------------------------------------------------

 -----------------------------------------------------------------------------
|                                                                             |
|     EEEEEEE  RRRRRR   RRRRRR   OOOOOOO  RRRRRR      ###     ###     ###     |
|     E        R     R  R     R  O     O  R     R     ###     ###     ###     |
|     E        R     R  R     R  O     O  R     R     ###     ###     ###     |
|     EEEEE    RRRRRR   RRRRRR   O     O  RRRRRR       #       #       #      |
|     E        R   R    R   R    O     O  R   R                               |
|     E        R    R   R    R   O     O  R    R      ###     ###     ###     |
|     EEEEEEE  R     R  R     R  OOOOOOO  R     R     ###     ###     ###     |
|                                                                             |
|     No INCAR found, STOPPING                                                |
|                                                                             |
|       ---->  I REFUSE TO CONTINUE WITH THIS SICK JOB ... BYE!!! <----       |
|                                                                             |
 -----------------------------------------------------------------------------

 -----------------------------------------------------------------------------
|                                                                             |
|     EEEEEEE  RRRRRR   RRRRRR   OOOOOOO  RRRRRR      ###     ###     ###     |
|     E        R     R  R     R  O     O  R     R     ###     ###     ###     |
|     E        R     R  R     R  O     O  R     R     ###     ###     ###     |
|     EEEEE    RRRRRR   RRRRRR   O     O  RRRRRR       #       #       #      |
|     E        R   R    R   R    O     O  R   R                               |
|     E        R    R   R    R   O     O  R    R      ###     ###     ###     |
|     EEEEEEE  R     R  R     R  OOOOOOO  R     R     ###     ###     ###     |
|                                                                             |
|     No INCAR found, STOPPING                                                |
|                                                                             |
|       ---->  I REFUSE TO CONTINUE WITH THIS SICK JOB ... BYE!!! <----       |
|                                                                             |
 -----------------------------------------------------------------------------

 -----------------------------------------------------------------------------
|                                                                             |
|     EEEEEEE  RRRRRR   RRRRRR   OOOOOOO  RRRRRR      ###     ###     ###     |
|     E        R     R  R     R  O     O  R     R     ###     ###     ###     |
|     E        R     R  R     R  O     O  R     R     ###     ###     ###     |
|     EEEEE    RRRRRR   RRRRRR   O     O  RRRRRR       #       #       #      |
|     E        R   R    R   R    O     O  R   R                               |
|     E        R    R   R    R   O     O  R    R      ###     ###     ###     |
|     EEEEEEE  R     R  R     R  OOOOOOO  R     R     ###     ###     ###     |
|                                                                             |
|     No INCAR found, STOPPING                                                |
|                                                                             |
|       ---->  I REFUSE TO CONTINUE WITH THIS SICK JOB ... BYE!!! <----       |
|                                                                             |
 -----------------------------------------------------------------------------

 -----------------------------------------------------------------------------
|                                                                             |
|     EEEEEEE  RRRRRR   RRRRRR   OOOOOOO  RRRRRR      ###     ###     ###     |
|     E        R     R  R     R  O     O  R     R     ###     ###     ###     |
|     E        R     R  R     R  O     O  R     R     ###     ###     ###     |
|     EEEEE    RRRRRR   RRRRRR   O     O  RRRRRR       #       #       #      |
|     E        R   R    R   R    O     O  R   R                               |
|     E        R    R   R    R   O     O  R    R      ###     ###     ###     |
|     EEEEEEE  R     R  R     R  OOOOOOO  R     R     ###     ###     ###     |
|                                                                             |
|     No INCAR found, STOPPING                                                |
|                                                                             |
|       ---->  I REFUSE TO CONTINUE WITH THIS SICK JOB ... BYE!!! <----       |
|                                                                             |
 -----------------------------------------------------------------------------

 -----------------------------------------------------------------------------
|                                                                             |
|     EEEEEEE  RRRRRR   RRRRRR   OOOOOOO  RRRRRR      ###     ###     ###     |
|     E        R     R  R     R  O     O  R     R     ###     ###     ###     |
|     E        R     R  R     R  O     O  R     R     ###     ###     ###     |
|     EEEEE    RRRRRR   RRRRRR   O     O  RRRRRR       #       #       #      |
|     E        R   R    R   R    O     O  R   R                               |
|     E        R    R   R    R   O     O  R    R      ###     ###     ###     |
|     EEEEEEE  R     R  R     R  OOOOOOO  R     R     ###     ###     ###     |
|                                                                             |
|     No INCAR found, STOPPING                                                |
|                                                                             |
|       ---->  I REFUSE TO CONTINUE WITH THIS SICK JOB ... BYE!!! <----       |
|                                                                             |
 -----------------------------------------------------------------------------

 -----------------------------------------------------------------------------
|                                                                             |
|     EEEEEEE  RRRRRR   RRRRRR   OOOOOOO  RRRRRR      ###     ###     ###     |
|     E        R     R  R     R  O     O  R     R     ###     ###     ###     |
|     E        R     R  R     R  O     O  R     R     ###     ###     ###     |
|     EEEEE    RRRRRR   RRRRRR   O     O  RRRRRR       #       #       #      |
|     E        R   R    R   R    O     O  R   R                               |
|     E        R    R   R    R   O     O  R    R      ###     ###     ###     |
|     EEEEEEE  R     R  R     R  OOOOOOO  R     R     ###     ###     ###     |
|                                                                             |
|     No INCAR found, STOPPING                                                |
|                                                                             |
|       ---->  I REFUSE TO CONTINUE WITH THIS SICK JOB ... BYE!!! <----       |
|                                                                             |
 -----------------------------------------------------------------------------

 -----------------------------------------------------------------------------
|                                                                             |
|     EEEEEEE  RRRRRR   RRRRRR   OOOOOOO  RRRRRR      ###     ###     ###     |
|     E        R     R  R     R  O     O  R     R     ###     ###     ###     |
|     E        R     R  R     R  O     O  R     R     ###     ###     ###     |
|     EEEEE    RRRRRR   RRRRRR   O     O  RRRRRR       #       #       #      |
|     E        R   R    R   R    O     O  R   R                               |
|     E        R    R   R    R   O     O  R    R      ###     ###     ###     |
|     EEEEEEE  R     R  R     R  OOOOOOO  R     R     ###     ###     ###     |
|                                                                             |
|     No INCAR found, STOPPING                                                |
|                                                                             |
|       ---->  I REFUSE TO CONTINUE WITH THIS SICK JOB ... BYE!!! <----       |
|                                                                             |
 -----------------------------------------------------------------------------

 -----------------------------------------------------------------------------
|                                                                             |
|     EEEEEEE  RRRRRR   RRRRRR   OOOOOOO  RRRRRR      ###     ###     ###     |
|     E        R     R  R     R  O     O  R     R     ###     ###     ###     |
|     E        R     R  R     R  O     O  R     R     ###     ###     ###     |
|     EEEEE    RRRRRR   RRRRRR   O     O  RRRRRR       #       #       #      |
|     E        R   R    R   R    O     O  R   R                               |
|     E        R    R   R    R   O     O  R    R      ###     ###     ###     |
|     EEEEEEE  R     R  R     R  OOOOOOO  R     R     ###     ###     ###     |
|                                                                             |
|     No INCAR found, STOPPING                                                |
|                                                                             |
|       ---->  I REFUSE TO CONTINUE WITH THIS SICK JOB ... BYE!!! <----       |
|                                                                             |
 -----------------------------------------------------------------------------

 -----------------------------------------------------------------------------
|                                                                             |
|     EEEEEEE  RRRRRR   RRRRRR   OOOOOOO  RRRRRR      ###     ###     ###     |
|     E        R     R  R     R  O     O  R     R     ###     ###     ###     |
|     E        R     R  R     R  O     O  R     R     ###     ###     ###     |
|     EEEEE    RRRRRR   RRRRRR   O     O  RRRRRR       #       #       #      |
|     E        R   R    R   R    O     O  R   R                               |
|     E        R    R   R    R   O     O  R    R      ###     ###     ###     |
|     EEEEEEE  R     R  R     R  OOOOOOO  R     R     ###     ###     ###     |
|                                                                             |
|     No INCAR found, STOPPING                                                |
|                                                                             |
|       ---->  I REFUSE TO CONTINUE WITH THIS SICK JOB ... BYE!!! <----       |
|                                                                             |
 -----------------------------------------------------------------------------

 -----------------------------------------------------------------------------
|                                                                             |
|     EEEEEEE  RRRRRR   RRRRRR   OOOOOOO  RRRRRR      ###     ###     ###     |
|     E        R     R  R     R  O     O  R     R     ###     ###     ###     |
|     E        R     R  R     R  O     O  R     R     ###     ###     ###     |
|     EEEEE    RRRRRR   RRRRRR   O     O  RRRRRR       #       #       #      |
|     E        R   R    R   R    O     O  R   R                               |
|     E        R    R   R    R   O     O  R    R      ###     ###     ###     |
|     EEEEEEE  R     R  R     R  OOOOOOO  R     R     ###     ###     ###     |
|                                                                             |
|     No INCAR found, STOPPING                                                |
|                                                                             |
|       ---->  I REFUSE TO CONTINUE WITH THIS SICK JOB ... BYE!!! <----       |
|                                                                             |
 -----------------------------------------------------------------------------

 -----------------------------------------------------------------------------
|                                                                             |
|     EEEEEEE  RRRRRR   RRRRRR   OOOOOOO  RRRRRR      ###     ###     ###     |
|     E        R     R  R     R  O     O  R     R     ###     ###     ###     |
|     E        R     R  R     R  O     O  R     R     ###     ###     ###     |
|     EEEEE    RRRRRR   RRRRRR   O     O  RRRRRR       #       #       #      |
|     E        R   R    R   R    O     O  R   R                               |
|     E        R    R   R    R   O     O  R    R      ###     ###     ###     |
|     EEEEEEE  R     R  R     R  OOOOOOO  R     R     ###     ###     ###     |
|                                                                             |
|     No INCAR found, STOPPING                                                |
|                                                                             |
|       ---->  I REFUSE TO CONTINUE WITH THIS SICK JOB ... BYE!!! <----       |
|                                                                             |
 -----------------------------------------------------------------------------

 -----------------------------------------------------------------------------
|                                                                             |
|     EEEEEEE  RRRRRR   RRRRRR   OOOOOOO  RRRRRR      ###     ###     ###     |
|     E        R     R  R     R  O     O  R     R     ###     ###     ###     |
|     E        R     R  R     R  O     O  R     R     ###     ###     ###     |
|     EEEEE    RRRRRR   RRRRRR   O     O  RRRRRR       #       #       #      |
|     E        R   R    R   R    O     O  R   R                               |
|     E        R    R   R    R   O     O  R    R      ###     ###     ###     |
|     EEEEEEE  R     R  R     R  OOOOOOO  R     R     ###     ###     ###     |
|                                                                             |
|     No INCAR found, STOPPING                                                |
|                                                                             |
|       ---->  I REFUSE TO CONTINUE WITH THIS SICK JOB ... BYE!!! <----       |
|                                                                             |
 -----------------------------------------------------------------------------

 -----------------------------------------------------------------------------
|                                                                             |
|     EEEEEEE  RRRRRR   RRRRRR   OOOOOOO  RRRRRR      ###     ###     ###     |
|     E        R     R  R     R  O     O  R     R     ###     ###     ###     |
|     E        R     R  R     R  O     O  R     R     ###     ###     ###     |
|     EEEEE    RRRRRR   RRRRRR   O     O  RRRRRR       #       #       #      |
|     E        R   R    R   R    O     O  R   R                               |
|     E        R    R   R    R   O     O  R    R      ###     ###     ###     |
|     EEEEEEE  R     R  R     R  OOOOOOO  R     R     ###     ###     ###     |
|                                                                             |
|     No INCAR found, STOPPING                                                |
|                                                                             |
|       ---->  I REFUSE TO CONTINUE WITH THIS SICK JOB ... BYE!!! <----       |
|                                                                             |
 -----------------------------------------------------------------------------

 -----------------------------------------------------------------------------
|                                                                             |
|     EEEEEEE  RRRRRR   RRRRRR   OOOOOOO  RRRRRR      ###     ###     ###     |
|     E        R     R  R     R  O     O  R     R     ###     ###     ###     |
|     E        R     R  R     R  O     O  R     R     ###     ###     ###     |
|     EEEEE    RRRRRR   RRRRRR   O     O  RRRRRR       #       #       #      |
|     E        R   R    R   R    O     O  R   R                               |
|     E        R    R   R    R   O     O  R    R      ###     ###     ###     |
|     EEEEEEE  R     R  R     R  OOOOOOO  R     R     ###     ###     ###     |
|                                                                             |
|     No INCAR found, STOPPING                                                |
|                                                                             |
|       ---->  I REFUSE TO CONTINUE WITH THIS SICK JOB ... BYE!!! <----       |
|                                                                             |
 -----------------------------------------------------------------------------

 -----------------------------------------------------------------------------
|                                                                             |
|     EEEEEEE  RRRRRR   RRRRRR   OOOOOOO  RRRRRR      ###     ###     ###     |
|     E        R     R  R     R  O     O  R     R     ###     ###     ###     |
|     E        R     R  R     R  O     O  R     R     ###     ###     ###     |
|     EEEEE    RRRRRR   RRRRRR   O     O  RRRRRR       #       #       #      |
|     E        R   R    R   R    O     O  R   R                               |
|     E        R    R   R    R   O     O  R    R      ###     ###     ###     |
|     EEEEEEE  R     R  R     R  OOOOOOO  R     R     ###     ###     ###     |
|                                                                             |
|     No INCAR found, STOPPING                                                |
|                                                                             |
|       ---->  I REFUSE TO CONTINUE WITH THIS SICK JOB ... BYE!!! <----       |
|                                                                             |
 -----------------------------------------------------------------------------

 -----------------------------------------------------------------------------
|                                                                             |
|     EEEEEEE  RRRRRR   RRRRRR   OOOOOOO  RRRRRR      ###     ###     ###     |
|     E        R     R  R     R  O     O  R     R     ###     ###     ###     |
|     E        R     R  R     R  O     O  R     R     ###     ###     ###     |
|     EEEEE    RRRRRR   RRRRRR   O     O  RRRRRR       #       #       #      |
|     E        R   R    R   R    O     O  R   R                               |
|     E        R    R   R    R   O     O  R    R      ###     ###     ###     |
|     EEEEEEE  R     R  R     R  OOOOOOO  R     R     ###     ###     ###     |
|                                                                             |
|     No INCAR found, STOPPING                                                |
|                                                                             |
|       ---->  I REFUSE TO CONTINUE WITH THIS SICK JOB ... BYE!!! <----       |
|                                                                             |
 -----------------------------------------------------------------------------

 -----------------------------------------------------------------------------
|                                                                             |
|     EEEEEEE  RRRRRR   RRRRRR   OOOOOOO  RRRRRR      ###     ###     ###     |
|     E        R     R  R     R  O     O  R     R     ###     ###     ###     |
|     E        R     R  R     R  O     O  R     R     ###     ###     ###     |
|     EEEEE    RRRRRR   RRRRRR   O     O  RRRRRR       #       #       #      |
|     E        R   R    R   R    O     O  R   R                               |
|     E        R    R   R    R   O     O  R    R      ###     ###     ###     |
|     EEEEEEE  R     R  R     R  OOOOOOO  R     R     ###     ###     ###     |
|                                                                             |
|     No INCAR found, STOPPING                                                |
|                                                                             |
|       ---->  I REFUSE TO CONTINUE WITH THIS SICK JOB ... BYE!!! <----       |
|                                                                             |
 -----------------------------------------------------------------------------

 -----------------------------------------------------------------------------
|                                                                             |
|     EEEEEEE  RRRRRR   RRRRRR   OOOOOOO  RRRRRR      ###     ###     ###     |
|     E        R     R  R     R  O     O  R     R     ###     ###     ###     |
|     E        R     R  R     R  O     O  R     R     ###     ###     ###     |
|     EEEEE    RRRRRR   RRRRRR   O     O  RRRRRR       #       #       #      |
|     E        R   R    R   R    O     O  R   R                               |
|     E        R    R   R    R   O     O  R    R      ###     ###     ###     |
|     EEEEEEE  R     R  R     R  OOOOOOO  R     R     ###     ###     ###     |
|                                                                             |
|     No INCAR found, STOPPING                                                |
|                                                                             |
|       ---->  I REFUSE TO CONTINUE WITH THIS SICK JOB ... BYE!!! <----       |
|                                                                             |
 -----------------------------------------------------------------------------

 -----------------------------------------------------------------------------
|                                                                             |
|     EEEEEEE  RRRRRR   RRRRRR   OOOOOOO  RRRRRR      ###     ###     ###     |
|     E        R     R  R     R  O     O  R     R     ###     ###     ###     |
|     E        R     R  R     R  O     O  R     R     ###     ###     ###     |
|     EEEEE    RRRRRR   RRRRRR   O     O  RRRRRR       #       #       #      |
|     E        R   R    R   R    O     O  R   R                               |
|     E        R    R   R    R   O     O  R    R      ###     ###     ###     |
|     EEEEEEE  R     R  R     R  OOOOOOO  R     R     ###     ###     ###     |
|                                                                             |
|     No INCAR found, STOPPING                                                |
|                                                                             |
|       ---->  I REFUSE TO CONTINUE WITH THIS SICK JOB ... BYE!!! <----       |
|                                                                             |
 -----------------------------------------------------------------------------

 -----------------------------------------------------------------------------
|                                                                             |
|     EEEEEEE  RRRRRR   RRRRRR   OOOOOOO  RRRRRR      ###     ###     ###     |
|     E        R     R  R     R  O     O  R     R     ###     ###     ###     |
|     E        R     R  R     R  O     O  R     R     ###     ###     ###     |
|     EEEEE    RRRRRR   RRRRRR   O     O  RRRRRR       #       #       #      |
|     E        R   R    R   R    O     O  R   R                               |
|     E        R    R   R    R   O     O  R    R      ###     ###     ###     |
|     EEEEEEE  R     R  R     R  OOOOOOO  R     R     ###     ###     ###     |
|                                                                             |
|     No INCAR found, STOPPING                                                |
|                                                                             |
|       ---->  I REFUSE TO CONTINUE WITH THIS SICK JOB ... BYE!!! <----       |
|                                                                             |
 -----------------------------------------------------------------------------

 -----------------------------------------------------------------------------
|                                                                             |
|     EEEEEEE  RRRRRR   RRRRRR   OOOOOOO  RRRRRR      ###     ###     ###     |
|     E        R     R  R     R  O     O  R     R     ###     ###     ###     |
|     E        R     R  R     R  O     O  R     R     ###     ###     ###     |
|     EEEEE    RRRRRR   RRRRRR   O     O  RRRRRR       #       #       #      |
|     E        R   R    R   R    O     O  R   R                               |
|     E        R    R   R    R   O     O  R    R      ###     ###     ###     |
|     EEEEEEE  R     R  R     R  OOOOOOO  R     R     ###     ###     ###     |
|                                                                             |
|     No INCAR found, STOPPING                                                |
|                                                                             |
|       ---->  I REFUSE TO CONTINUE WITH THIS SICK JOB ... BYE!!! <----       |
|                                                                             |
 -----------------------------------------------------------------------------

 -----------------------------------------------------------------------------
|                                                                             |
|     EEEEEEE  RRRRRR   RRRRRR   OOOOOOO  RRRRRR      ###     ###     ###     |
|     E        R     R  R     R  O     O  R     R     ###     ###     ###     |
|     E        R     R  R     R  O     O  R     R     ###     ###     ###     |
|     EEEEE    RRRRRR   RRRRRR   O     O  RRRRRR       #       #       #      |
|     E        R   R    R   R    O     O  R   R                               |
|     E        R    R   R    R   O     O  R    R      ###     ###     ###     |
|     EEEEEEE  R     R  R     R  OOOOOOO  R     R     ###     ###     ###     |
|                                                                             |
|     No INCAR found, STOPPING                                                |
|                                                                             |
|       ---->  I REFUSE TO CONTINUE WITH THIS SICK JOB ... BYE!!! <----       |
|                                                                             |
 -----------------------------------------------------------------------------

 -----------------------------------------------------------------------------
|                                                                             |
|     EEEEEEE  RRRRRR   RRRRRR   OOOOOOO  RRRRRR      ###     ###     ###     |
|     E        R     R  R     R  O     O  R     R     ###     ###     ###     |
|     E        R     R  R     R  O     O  R     R     ###     ###     ###     |
|     EEEEE    RRRRRR   RRRRRR   O     O  RRRRRR       #       #       #      |
|     E        R   R    R   R    O     O  R   R                               |
|     E        R    R   R    R   O     O  R    R      ###     ###     ###     |
|     EEEEEEE  R     R  R     R  OOOOOOO  R     R     ###     ###     ###     |
|                                                                             |
|     No INCAR found, STOPPING                                                |
|                                                                             |
|       ---->  I REFUSE TO CONTINUE WITH THIS SICK JOB ... BYE!!! <----       |
|                                                                             |
 -----------------------------------------------------------------------------

 -----------------------------------------------------------------------------
|                                                                             |
|     EEEEEEE  RRRRRR   RRRRRR   OOOOOOO  RRRRRR      ###     ###     ###     |
|     E        R     R  R     R  O     O  R     R     ###     ###     ###     |
|     E        R     R  R     R  O     O  R     R     ###     ###     ###     |
|     EEEEE    RRRRRR   RRRRRR   O     O  RRRRRR       #       #       #      |
|     E        R   R    R   R    O     O  R   R                               |
|     E        R    R   R    R   O     O  R    R      ###     ###     ###     |
|     EEEEEEE  R     R  R     R  OOOOOOO  R     R     ###     ###     ###     |
|                                                                             |
|     No INCAR found, STOPPING                                                |
|                                                                             |
|       ---->  I REFUSE TO CONTINUE WITH THIS SICK JOB ... BYE!!! <----       |
|                                                                             |
 -----------------------------------------------------------------------------

 -----------------------------------------------------------------------------
|                                                                             |
|     EEEEEEE  RRRRRR   RRRRRR   OOOOOOO  RRRRRR      ###     ###     ###     |
|     E        R     R  R     R  O     O  R     R     ###     ###     ###     |
|     E        R     R  R     R  O     O  R     R     ###     ###     ###     |
|     EEEEE    RRRRRR   RRRRRR   O     O  RRRRRR       #       #       #      |
|     E        R   R    R   R    O     O  R   R                               |
|     E        R    R   R    R   O     O  R    R      ###     ###     ###     |
|     EEEEEEE  R     R  R     R  OOOOOOO  R     R     ###     ###     ###     |
|                                                                             |
|     No INCAR found, STOPPING                                                |
|                                                                             |
|       ---->  I REFUSE TO CONTINUE WITH THIS SICK JOB ... BYE!!! <----       |
|                                                                             |
 -----------------------------------------------------------------------------

 -----------------------------------------------------------------------------
|                                                                             |
|     EEEEEEE  RRRRRR   RRRRRR   OOOOOOO  RRRRRR      ###     ###     ###     |
|     E        R     R  R     R  O     O  R     R     ###     ###     ###     |
|     E        R     R  R     R  O     O  R     R     ###     ###     ###     |
|     EEEEE    RRRRRR   RRRRRR   O     O  RRRRRR       #       #       #      |
|     E        R   R    R   R    O     O  R   R                               |
|     E        R    R   R    R   O     O  R    R      ###     ###     ###     |
|     EEEEEEE  R     R  R     R  OOOOOOO  R     R     ###     ###     ###     |
|                                                                             |
|     No INCAR found, STOPPING                                                |
|                                                                             |
|       ---->  I REFUSE TO CONTINUE WITH THIS SICK JOB ... BYE!!! <----       |
|                                                                             |
 -----------------------------------------------------------------------------

 -----------------------------------------------------------------------------
|                                                                             |
|     EEEEEEE  RRRRRR   RRRRRR   OOOOOOO  RRRRRR      ###     ###     ###     |
|     E        R     R  R     R  O     O  R     R     ###     ###     ###     |
|     E        R     R  R     R  O     O  R     R     ###     ###     ###     |
|     EEEEE    RRRRRR   RRRRRR   O     O  RRRRRR       #       #       #      |
|     E        R   R    R   R    O     O  R   R                               |
|     E        R    R   R    R   O     O  R    R      ###     ###     ###     |
|     EEEEEEE  R     R  R     R  OOOOOOO  R     R     ###     ###     ###     |
|                                                                             |
|     No INCAR found, STOPPING                                                |
|                                                                             |
|       ---->  I REFUSE TO CONTINUE WITH THIS SICK JOB ... BYE!!! <----       |
|                                                                             |
 -----------------------------------------------------------------------------

 -----------------------------------------------------------------------------
|                                                                             |
|     EEEEEEE  RRRRRR   RRRRRR   OOOOOOO  RRRRRR      ###     ###     ###     |
|     E        R     R  R     R  O     O  R     R     ###     ###     ###     |
|     E        R     R  R     R  O     O  R     R     ###     ###     ###     |
|     EEEEE    RRRRRR   RRRRRR   O     O  RRRRRR       #       #       #      |
|     E        R   R    R   R    O     O  R   R                               |
|     E        R    R   R    R   O     O  R    R      ###     ###     ###     |
|     EEEEEEE  R     R  R     R  OOOOOOO  R     R     ###     ###     ###     |
|                                                                             |
|     No INCAR found, STOPPING                                                |
|                                                                             |
|       ---->  I REFUSE TO CONTINUE WITH THIS SICK JOB ... BYE!!! <----       |
|                                                                             |
 -----------------------------------------------------------------------------

 -----------------------------------------------------------------------------
|                                                                             |
|     EEEEEEE  RRRRRR   RRRRRR   OOOOOOO  RRRRRR      ###     ###     ###     |
|     E        R     R  R     R  O     O  R     R     ###     ###     ###     |
|     E        R     R  R     R  O     O  R     R     ###     ###     ###     |
|     EEEEE    RRRRRR   RRRRRR   O     O  RRRRRR       #       #       #      |
|     E        R   R    R   R    O     O  R   R                               |
|     E        R    R   R    R   O     O  R    R      ###     ###     ###     |
|     EEEEEEE  R     R  R     R  OOOOOOO  R     R     ###     ###     ###     |
|                                                                             |
|     No INCAR found, STOPPING                                                |
|                                                                             |
|       ---->  I REFUSE TO CONTINUE WITH THIS SICK JOB ... BYE!!! <----       |
|                                                                             |
 -----------------------------------------------------------------------------

 -----------------------------------------------------------------------------
|                                                                             |
|     EEEEEEE  RRRRRR   RRRRRR   OOOOOOO  RRRRRR      ###     ###     ###     |
|     E        R     R  R     R  O     O  R     R     ###     ###     ###     |
|     E        R     R  R     R  O     O  R     R     ###     ###     ###     |
|     EEEEE    RRRRRR   RRRRRR   O     O  RRRRRR       #       #       #      |
|     E        R   R    R   R    O     O  R   R                               |
|     E        R    R   R    R   O     O  R    R      ###     ###     ###     |
|     EEEEEEE  R     R  R     R  OOOOOOO  R     R     ###     ###     ###     |
|                                                                             |
|     No INCAR found, STOPPING                                                |
|                                                                             |
|       ---->  I REFUSE TO CONTINUE WITH THIS SICK JOB ... BYE!!! <----       |
|                                                                             |
 -----------------------------------------------------------------------------

 -----------------------------------------------------------------------------
|                                                                             |
|     EEEEEEE  RRRRRR   RRRRRR   OOOOOOO  RRRRRR      ###     ###     ###     |
|     E        R     R  R     R  O     O  R     R     ###     ###     ###     |
|     E        R     R  R     R  O     O  R     R     ###     ###     ###     |
|     EEEEE    RRRRRR   RRRRRR   O     O  RRRRRR       #       #       #      |
|     E        R   R    R   R    O     O  R   R                               |
|     E        R    R   R    R   O     O  R    R      ###     ###     ###     |
|     EEEEEEE  R     R  R     R  OOOOOOO  R     R     ###     ###     ###     |
|                                                                             |
|     No INCAR found, STOPPING                                                |
|                                                                             |
|       ---->  I REFUSE TO CONTINUE WITH THIS SICK JOB ... BYE!!! <----       |
|                                                                             |
 -----------------------------------------------------------------------------

 -----------------------------------------------------------------------------
|                                                                             |
|     EEEEEEE  RRRRRR   RRRRRR   OOOOOOO  RRRRRR      ###     ###     ###     |
|     E        R     R  R     R  O     O  R     R     ###     ###     ###     |
|     E        R     R  R     R  O     O  R     R     ###     ###     ###     |
|     EEEEE    RRRRRR   RRRRRR   O     O  RRRRRR       #       #       #      |
|     E        R   R    R   R    O     O  R   R                               |
|     E        R    R   R    R   O     O  R    R      ###     ###     ###     |
|     EEEEEEE  R     R  R     R  OOOOOOO  R     R     ###     ###     ###     |
|                                                                             |
|     No INCAR found, STOPPING                                                |
|                                                                             |
|       ---->  I REFUSE TO CONTINUE WITH THIS SICK JOB ... BYE!!! <----       |
|                                                                             |
 -----------------------------------------------------------------------------

 -----------------------------------------------------------------------------
|                                                                             |
|     EEEEEEE  RRRRRR   RRRRRR   OOOOOOO  RRRRRR      ###     ###     ###     |
|     E        R     R  R     R  O     O  R     R     ###     ###     ###     |
|     E        R     R  R     R  O     O  R     R     ###     ###     ###     |
|     EEEEE    RRRRRR   RRRRRR   O     O  RRRRRR       #       #       #      |
|     E        R   R    R   R    O     O  R   R                               |
|     E        R    R   R    R   O     O  R    R      ###     ###     ###     |
|     EEEEEEE  R     R  R     R  OOOOOOO  R     R     ###     ###     ###     |
|                                                                             |
|     No INCAR found, STOPPING                                                |
|                                                                             |
|       ---->  I REFUSE TO CONTINUE WITH THIS SICK JOB ... BYE!!! <----       |
|                                                                             |
 -----------------------------------------------------------------------------

 -----------------------------------------------------------------------------
|                                                                             |
|     EEEEEEE  RRRRRR   RRRRRR   OOOOOOO  RRRRRR      ###     ###     ###     |
|     E        R     R  R     R  O     O  R     R     ###     ###     ###     |
|     E        R     R  R     R  O     O  R     R     ###     ###     ###     |
|     EEEEE    RRRRRR   RRRRRR   O     O  RRRRRR       #       #       #      |
|     E        R   R    R   R    O     O  R   R                               |
|     E        R    R   R    R   O     O  R    R      ###     ###     ###     |
|     EEEEEEE  R     R  R     R  OOOOOOO  R     R     ###     ###     ###     |
|                                                                             |
|     No INCAR found, STOPPING                                                |
|                                                                             |
|       ---->  I REFUSE TO CONTINUE WITH THIS SICK JOB ... BYE!!! <----       |
|                                                                             |
 -----------------------------------------------------------------------------

 -----------------------------------------------------------------------------
|                                                                             |
|     EEEEEEE  RRRRRR   RRRRRR   OOOOOOO  RRRRRR      ###     ###     ###     |
|     E        R     R  R     R  O     O  R     R     ###     ###     ###     |
|     E        R     R  R     R  O     O  R     R     ###     ###     ###     |
|     EEEEE    RRRRRR   RRRRRR   O     O  RRRRRR       #       #       #      |
|     E        R   R    R   R    O     O  R   R                               |
|     E        R    R   R    R   O     O  R    R      ###     ###     ###     |
|     EEEEEEE  R     R  R     R  OOOOOOO  R     R     ###     ###     ###     |
|                                                                             |
|     No INCAR found, STOPPING                                                |
|                                                                             |
|       ---->  I REFUSE TO CONTINUE WITH THIS SICK JOB ... BYE!!! <----       |
|                                                                             |
 -----------------------------------------------------------------------------

 -----------------------------------------------------------------------------
|                                                                             |
|     EEEEEEE  RRRRRR   RRRRRR   OOOOOOO  RRRRRR      ###     ###     ###     |
|     E        R     R  R     R  O     O  R     R     ###     ###     ###     |
|     E        R     R  R     R  O     O  R     R     ###     ###     ###     |
|     EEEEE    RRRRRR   RRRRRR   O     O  RRRRRR       #       #       #      |
|     E        R   R    R   R    O     O  R   R                               |
|     E        R    R   R    R   O     O  R    R      ###     ###     ###     |
|     EEEEEEE  R     R  R     R  OOOOOOO  R     R     ###     ###     ###     |
|                                                                             |
|     No INCAR found, STOPPING                                                |
|                                                                             |
|       ---->  I REFUSE TO CONTINUE WITH THIS SICK JOB ... BYE!!! <----       |
|                                                                             |
 -----------------------------------------------------------------------------

 -----------------------------------------------------------------------------
|                                                                             |
|     EEEEEEE  RRRRRR   RRRRRR   OOOOOOO  RRRRRR      ###     ###     ###     |
|     E        R     R  R     R  O     O  R     R     ###     ###     ###     |
|     E        R     R  R     R  O     O  R     R     ###     ###     ###     |
|     EEEEE    RRRRRR   RRRRRR   O     O  RRRRRR       #       #       #      |
|     E        R   R    R   R    O     O  R   R                               |
|     E        R    R   R    R   O     O  R    R      ###     ###     ###     |
|     EEEEEEE  R     R  R     R  OOOOOOO  R     R     ###     ###     ###     |
|                                                                             |
|     No INCAR found, STOPPING                                                |
|                                                                             |
|       ---->  I REFUSE TO CONTINUE WITH THIS SICK JOB ... BYE!!! <----       |
|                                                                             |
 -----------------------------------------------------------------------------

 -----------------------------------------------------------------------------
|                                                                             |
|     EEEEEEE  RRRRRR   RRRRRR   OOOOOOO  RRRRRR      ###     ###     ###     |
|     E        R     R  R     R  O     O  R     R     ###     ###     ###     |
|     E        R     R  R     R  O     O  R     R     ###     ###     ###     |
|     EEEEE    RRRRRR   RRRRRR   O     O  RRRRRR       #       #       #      |
|     E        R   R    R   R    O     O  R   R                               |
|     E        R    R   R    R   O     O  R    R      ###     ###     ###     |
|     EEEEEEE  R     R  R     R  OOOOOOO  R     R     ###     ###     ###     |
|                                                                             |
|     No INCAR found, STOPPING                                                |
|                                                                             |
|       ---->  I REFUSE TO CONTINUE WITH THIS SICK JOB ... BYE!!! <----       |
|                                                                             |
 -----------------------------------------------------------------------------

 -----------------------------------------------------------------------------
|                                                                             |
|     EEEEEEE  RRRRRR   RRRRRR   OOOOOOO  RRRRRR      ###     ###     ###     |
|     E        R     R  R     R  O     O  R     R     ###     ###     ###     |
|     E        R     R  R     R  O     O  R     R     ###     ###     ###     |
|     EEEEE    RRRRRR   RRRRRR   O     O  RRRRRR       #       #       #      |
|     E        R   R    R   R    O     O  R   R                               |
|     E        R    R   R    R   O     O  R    R      ###     ###     ###     |
|     EEEEEEE  R     R  R     R  OOOOOOO  R     R     ###     ###     ###     |
|                                                                             |
|     No INCAR found, STOPPING                                                |
|                                                                             |
|       ---->  I REFUSE TO CONTINUE WITH THIS SICK JOB ... BYE!!! <----       |
|                                                                             |
 -----------------------------------------------------------------------------

 -----------------------------------------------------------------------------
|                                                                             |
|     EEEEEEE  RRRRRR   RRRRRR   OOOOOOO  RRRRRR      ###     ###     ###     |
|     E        R     R  R     R  O     O  R     R     ###     ###     ###     |
|     E        R     R  R     R  O     O  R     R     ###     ###     ###     |
|     EEEEE    RRRRRR   RRRRRR   O     O  RRRRRR       #       #       #      |
|     E        R   R    R   R    O     O  R   R                               |
|     E        R    R   R    R   O     O  R    R      ###     ###     ###     |
|     EEEEEEE  R     R  R     R  OOOOOOO  R     R     ###     ###     ###     |
|                                                                             |
|     No INCAR found, STOPPING                                                |
|                                                                             |
|       ---->  I REFUSE TO CONTINUE WITH THIS SICK JOB ... BYE!!! <----       |
|                                                                             |
 -----------------------------------------------------------------------------

 -----------------------------------------------------------------------------
|                                                                             |
|     EEEEEEE  RRRRRR   RRRRRR   OOOOOOO  RRRRRR      ###     ###     ###     |
|     E        R     R  R     R  O     O  R     R     ###     ###     ###     |
|     E        R     R  R     R  O     O  R     R     ###     ###     ###     |
|     EEEEE    RRRRRR   RRRRRR   O     O  RRRRRR       #       #       #      |
|     E        R   R    R   R    O     O  R   R                               |
|     E        R    R   R    R   O     O  R    R      ###     ###     ###     |
|     EEEEEEE  R     R  R     R  OOOOOOO  R     R     ###     ###     ###     |
|                                                                             |
|     No INCAR found, STOPPING                                                |
|                                                                             |
|       ---->  I REFUSE TO CONTINUE WITH THIS SICK JOB ... BYE!!! <----       |
|                                                                             |
 -----------------------------------------------------------------------------

 -----------------------------------------------------------------------------
|                                                                             |
|     EEEEEEE  RRRRRR   RRRRRR   OOOOOOO  RRRRRR      ###     ###     ###     |
|     E        R     R  R     R  O     O  R     R     ###     ###     ###     |
|     E        R     R  R     R  O     O  R     R     ###     ###     ###     |
|     EEEEE    RRRRRR   RRRRRR   O     O  RRRRRR       #       #       #      |
|     E        R   R    R   R    O     O  R   R                               |
|     E        R    R   R    R   O     O  R    R      ###     ###     ###     |
|     EEEEEEE  R     R  R     R  OOOOOOO  R     R     ###     ###     ###     |
|                                                                             |
|     No INCAR found, STOPPING                                                |
|                                                                             |
|       ---->  I REFUSE TO CONTINUE WITH THIS SICK JOB ... BYE!!! <----       |
|                                                                             |
 -----------------------------------------------------------------------------

 -----------------------------------------------------------------------------
|                                                                             |
|     EEEEEEE  RRRRRR   RRRRRR   OOOOOOO  RRRRRR      ###     ###     ###     |
|     E        R     R  R     R  O     O  R     R     ###     ###     ###     |
|     E        R     R  R     R  O     O  R     R     ###     ###     ###     |
|     EEEEE    RRRRRR   RRRRRR   O     O  RRRRRR       #       #       #      |
|     E        R   R    R   R    O     O  R   R                               |
|     E        R    R   R    R   O     O  R    R      ###     ###     ###     |
|     EEEEEEE  R     R  R     R  OOOOOOO  R     R     ###     ###     ###     |
|                                                                             |
|     No INCAR found, STOPPING                                                |
|                                                                             |
|       ---->  I REFUSE TO CONTINUE WITH THIS SICK JOB ... BYE!!! <----       |
|                                                                             |
 -----------------------------------------------------------------------------

 -----------------------------------------------------------------------------
|                                                                             |
|     EEEEEEE  RRRRRR   RRRRRR   OOOOOOO  RRRRRR      ###     ###     ###     |
|     E        R     R  R     R  O     O  R     R     ###     ###     ###     |
|     E        R     R  R     R  O     O  R     R     ###     ###     ###     |
|     EEEEE    RRRRRR   RRRRRR   O     O  RRRRRR       #       #       #      |
|     E        R   R    R   R    O     O  R   R                               |
|     E        R    R   R    R   O     O  R    R      ###     ###     ###     |
|     EEEEEEE  R     R  R     R  OOOOOOO  R     R     ###     ###     ###     |
|                                                                             |
|     No INCAR found, STOPPING                                                |
|                                                                             |
|       ---->  I REFUSE TO CONTINUE WITH THIS SICK JOB ... BYE!!! <----       |
|                                                                             |
 -----------------------------------------------------------------------------

 -----------------------------------------------------------------------------
|                                                                             |
|     EEEEEEE  RRRRRR   RRRRRR   OOOOOOO  RRRRRR      ###     ###     ###     |
|     E        R     R  R     R  O     O  R     R     ###     ###     ###     |
|     E        R     R  R     R  O     O  R     R     ###     ###     ###     |
|     EEEEE    RRRRRR   RRRRRR   O     O  RRRRRR       #       #       #      |
|     E        R   R    R   R    O     O  R   R                               |
|     E        R    R   R    R   O     O  R    R      ###     ###     ###     |
|     EEEEEEE  R     R  R     R  OOOOOOO  R     R     ###     ###     ###     |
|                                                                             |
|     No INCAR found, STOPPING                                                |
|                                                                             |
|       ---->  I REFUSE TO CONTINUE WITH THIS SICK JOB ... BYE!!! <----       |
|                                                                             |
 -----------------------------------------------------------------------------

 -----------------------------------------------------------------------------
|                                                                             |
|     EEEEEEE  RRRRRR   RRRRRR   OOOOOOO  RRRRRR      ###     ###     ###     |
|     E        R     R  R     R  O     O  R     R     ###     ###     ###     |
|     E        R     R  R     R  O     O  R     R     ###     ###     ###     |
|     EEEEE    RRRRRR   RRRRRR   O     O  RRRRRR       #       #       #      |
|     E        R   R    R   R    O     O  R   R                               |
|     E        R    R   R    R   O     O  R    R      ###     ###     ###     |
|     EEEEEEE  R     R  R     R  OOOOOOO  R     R     ###     ###     ###     |
|                                                                             |
|     No INCAR found, STOPPING                                                |
|                                                                             |
|       ---->  I REFUSE TO CONTINUE WITH THIS SICK JOB ... BYE!!! <----       |
|                                                                             |
 -----------------------------------------------------------------------------

 -----------------------------------------------------------------------------
|                                                                             |
|     EEEEEEE  RRRRRR   RRRRRR   OOOOOOO  RRRRRR      ###     ###     ###     |
|     E        R     R  R     R  O     O  R     R     ###     ###     ###     |
|     E        R     R  R     R  O     O  R     R     ###     ###     ###     |
|     EEEEE    RRRRRR   RRRRRR   O     O  RRRRRR       #       #       #      |
|     E        R   R    R   R    O     O  R   R                               |
|     E        R    R   R    R   O     O  R    R      ###     ###     ###     |
|     EEEEEEE  R     R  R     R  OOOOOOO  R     R     ###     ###     ###     |
|                                                                             |
|     No INCAR found, STOPPING                                                |
|                                                                             |
|       ---->  I REFUSE TO CONTINUE WITH THIS SICK JOB ... BYE!!! <----       |
|                                                                             |
 -----------------------------------------------------------------------------

 -----------------------------------------------------------------------------
|                                                                             |
|     EEEEEEE  RRRRRR   RRRRRR   OOOOOOO  RRRRRR      ###     ###     ###     |
|     E        R     R  R     R  O     O  R     R     ###     ###     ###     |
|     E        R     R  R     R  O     O  R     R     ###     ###     ###     |
|     EEEEE    RRRRRR   RRRRRR   O     O  RRRRRR       #       #       #      |
|     E        R   R    R   R    O     O  R   R                               |
|     E        R    R   R    R   O     O  R    R      ###     ###     ###     |
|     EEEEEEE  R     R  R     R  OOOOOOO  R     R     ###     ###     ###     |
|                                                                             |
|     No INCAR found, STOPPING                                                |
|                                                                             |
|       ---->  I REFUSE TO CONTINUE WITH THIS SICK JOB ... BYE!!! <----       |
|                                                                             |
 -----------------------------------------------------------------------------

 -----------------------------------------------------------------------------
|                                                                             |
|     EEEEEEE  RRRRRR   RRRRRR   OOOOOOO  RRRRRR      ###     ###     ###     |
|     E        R     R  R     R  O     O  R     R     ###     ###     ###     |
|     E        R     R  R     R  O     O  R     R     ###     ###     ###     |
|     EEEEE    RRRRRR   RRRRRR   O     O  RRRRRR       #       #       #      |
|     E        R   R    R   R    O     O  R   R                               |
|     E        R    R   R    R   O     O  R    R      ###     ###     ###     |
|     EEEEEEE  R     R  R     R  OOOOOOO  R     R     ###     ###     ###     |
|                                                                             |
|     No INCAR found, STOPPING                                                |
|                                                                             |
|       ---->  I REFUSE TO CONTINUE WITH THIS SICK JOB ... BYE!!! <----       |
|                                                                             |
 -----------------------------------------------------------------------------

 -----------------------------------------------------------------------------
|                                                                             |
|     EEEEEEE  RRRRRR   RRRRRR   OOOOOOO  RRRRRR      ###     ###     ###     |
|     E        R     R  R     R  O     O  R     R     ###     ###     ###     |
|     E        R     R  R     R  O     O  R     R     ###     ###     ###     |
|     EEEEE    RRRRRR   RRRRRR   O     O  RRRRRR       #       #       #      |
|     E        R   R    R   R    O     O  R   R                               |
|     E        R    R   R    R   O     O  R    R      ###     ###     ###     |
|     EEEEEEE  R     R  R     R  OOOOOOO  R     R     ###     ###     ###     |
|                                                                             |
|     No INCAR found, STOPPING                                                |
|                                                                             |
|       ---->  I REFUSE TO CONTINUE WITH THIS SICK JOB ... BYE!!! <----       |
|                                                                             |
 -----------------------------------------------------------------------------

 -----------------------------------------------------------------------------
|                                                                             |
|     EEEEEEE  RRRRRR   RRRRRR   OOOOOOO  RRRRRR      ###     ###     ###     |
|     E        R     R  R     R  O     O  R     R     ###     ###     ###     |
|     E        R     R  R     R  O     O  R     R     ###     ###     ###     |
|     EEEEE    RRRRRR   RRRRRR   O     O  RRRRRR       #       #       #      |
|     E        R   R    R   R    O     O  R   R                               |
|     E        R    R   R    R   O     O  R    R      ###     ###     ###     |
|     EEEEEEE  R     R  R     R  OOOOOOO  R     R     ###     ###     ###     |
|                                                                             |
|     No INCAR found, STOPPING                                                |
|                                                                             |
|       ---->  I REFUSE TO CONTINUE WITH THIS SICK JOB ... BYE!!! <----       |
|                                                                             |
 -----------------------------------------------------------------------------

 -----------------------------------------------------------------------------
|                                                                             |
|     EEEEEEE  RRRRRR   RRRRRR   OOOOOOO  RRRRRR      ###     ###     ###     |
|     E        R     R  R     R  O     O  R     R     ###     ###     ###     |
|     E        R     R  R     R  O     O  R     R     ###     ###     ###     |
|     EEEEE    RRRRRR   RRRRRR   O     O  RRRRRR       #       #       #      |
|     E        R   R    R   R    O     O  R   R                               |
|     E        R    R   R    R   O     O  R    R      ###     ###     ###     |
|     EEEEEEE  R     R  R     R  OOOOOOO  R     R     ###     ###     ###     |
|                                                                             |
|     No INCAR found, STOPPING                                                |
|                                                                             |
|       ---->  I REFUSE TO CONTINUE WITH THIS SICK JOB ... BYE!!! <----       |
|                                                                             |
 -----------------------------------------------------------------------------

 -----------------------------------------------------------------------------
|                                                                             |
|     EEEEEEE  RRRRRR   RRRRRR   OOOOOOO  RRRRRR      ###     ###     ###     |
|     E        R     R  R     R  O     O  R     R     ###     ###     ###     |
|     E        R     R  R     R  O     O  R     R     ###     ###     ###     |
|     EEEEE    RRRRRR   RRRRRR   O     O  RRRRRR       #       #       #      |
|     E        R   R    R   R    O     O  R   R                               |
|     E        R    R   R    R   O     O  R    R      ###     ###     ###     |
|     EEEEEEE  R     R  R     R  OOOOOOO  R     R     ###     ###     ###     |
|                                                                             |
|     No INCAR found, STOPPING                                                |
|                                                                             |
|       ---->  I REFUSE TO CONTINUE WITH THIS SICK JOB ... BYE!!! <----       |
|                                                                             |
 -----------------------------------------------------------------------------

 -----------------------------------------------------------------------------
|                                                                             |
|     EEEEEEE  RRRRRR   RRRRRR   OOOOOOO  RRRRRR      ###     ###     ###     |
|     E        R     R  R     R  O     O  R     R     ###     ###     ###     |
|     E        R     R  R     R  O     O  R     R     ###     ###     ###     |
|     EEEEE    RRRRRR   RRRRRR   O     O  RRRRRR       #       #       #      |
|     E        R   R    R   R    O     O  R   R                               |
|     E        R    R   R    R   O     O  R    R      ###     ###     ###     |
|     EEEEEEE  R     R  R     R  OOOOOOO  R     R     ###     ###     ###     |
|                                                                             |
|     No INCAR found, STOPPING                                                |
|                                                                             |
|       ---->  I REFUSE TO CONTINUE WITH THIS SICK JOB ... BYE!!! <----       |
|                                                                             |
 -----------------------------------------------------------------------------

 -----------------------------------------------------------------------------
|                                                                             |
|     EEEEEEE  RRRRRR   RRRRRR   OOOOOOO  RRRRRR      ###     ###     ###     |
|     E        R     R  R     R  O     O  R     R     ###     ###     ###     |
|     E        R     R  R     R  O     O  R     R     ###     ###     ###     |
|     EEEEE    RRRRRR   RRRRRR   O     O  RRRRRR       #       #       #      |
|     E        R   R    R   R    O     O  R   R                               |
|     E        R    R   R    R   O     O  R    R      ###     ###     ###     |
|     EEEEEEE  R     R  R     R  OOOOOOO  R     R     ###     ###     ###     |
|                                                                             |
|     No INCAR found, STOPPING                                                |
|                                                                             |
|       ---->  I REFUSE TO CONTINUE WITH THIS SICK JOB ... BYE!!! <----       |
|                                                                             |
 -----------------------------------------------------------------------------

 -----------------------------------------------------------------------------
|                                                                             |
|     EEEEEEE  RRRRRR   RRRRRR   OOOOOOO  RRRRRR      ###     ###     ###     |
|     E        R     R  R     R  O     O  R     R     ###     ###     ###     |
|     E        R     R  R     R  O     O  R     R     ###     ###     ###     |
|     EEEEE    RRRRRR   RRRRRR   O     O  RRRRRR       #       #       #      |
|     E        R   R    R   R    O     O  R   R                               |
|     E        R    R   R    R   O     O  R    R      ###     ###     ###     |
|     EEEEEEE  R     R  R     R  OOOOOOO  R     R     ###     ###     ###     |
|                                                                             |
|     No INCAR found, STOPPING                                                |
|                                                                             |
|       ---->  I REFUSE TO CONTINUE WITH THIS SICK JOB ... BYE!!! <----       |
|                                                                             |
 -----------------------------------------------------------------------------

 -----------------------------------------------------------------------------
|                                                                             |
|     EEEEEEE  RRRRRR   RRRRRR   OOOOOOO  RRRRRR      ###     ###     ###     |
|     E        R     R  R     R  O     O  R     R     ###     ###     ###     |
|     E        R     R  R     R  O     O  R     R     ###     ###     ###     |
|     EEEEE    RRRRRR   RRRRRR   O     O  RRRRRR       #       #       #      |
|     E        R   R    R   R    O     O  R   R                               |
|     E        R    R   R    R   O     O  R    R      ###     ###     ###     |
|     EEEEEEE  R     R  R     R  OOOOOOO  R     R     ###     ###     ###     |
|                                                                             |
|     No INCAR found, STOPPING                                                |
|                                                                             |
|       ---->  I REFUSE TO CONTINUE WITH THIS SICK JOB ... BYE!!! <----       |
|                                                                             |
 -----------------------------------------------------------------------------

 -----------------------------------------------------------------------------
|                                                                             |
|     EEEEEEE  RRRRRR   RRRRRR   OOOOOOO  RRRRRR      ###     ###     ###     |
|     E        R     R  R     R  O     O  R     R     ###     ###     ###     |
|     E        R     R  R     R  O     O  R     R     ###     ###     ###     |
|     EEEEE    RRRRRR   RRRRRR   O     O  RRRRRR       #       #       #      |
|     E        R   R    R   R    O     O  R   R                               |
|     E        R    R   R    R   O     O  R    R      ###     ###     ###     |
|     EEEEEEE  R     R  R     R  OOOOOOO  R     R     ###     ###     ###     |
|                                                                             |
|     No INCAR found, STOPPING                                                |
|                                                                             |
|       ---->  I REFUSE TO CONTINUE WITH THIS SICK JOB ... BYE!!! <----       |
|                                                                             |
 -----------------------------------------------------------------------------

 -----------------------------------------------------------------------------
|                                                                             |
|     EEEEEEE  RRRRRR   RRRRRR   OOOOOOO  RRRRRR      ###     ###     ###     |
|     E        R     R  R     R  O     O  R     R     ###     ###     ###     |
|     E        R     R  R     R  O     O  R     R     ###     ###     ###     |
|     EEEEE    RRRRRR   RRRRRR   O     O  RRRRRR       #       #       #      |
|     E        R   R    R   R    O     O  R   R                               |
|     E        R    R   R    R   O     O  R    R      ###     ###     ###     |
|     EEEEEEE  R     R  R     R  OOOOOOO  R     R     ###     ###     ###     |
|                                                                             |
|     No INCAR found, STOPPING                                                |
|                                                                             |
|       ---->  I REFUSE TO CONTINUE WITH THIS SICK JOB ... BYE!!! <----       |
|                                                                             |
 -----------------------------------------------------------------------------

 -----------------------------------------------------------------------------
|                                                                             |
|     EEEEEEE  RRRRRR   RRRRRR   OOOOOOO  RRRRRR      ###     ###     ###     |
|     E        R     R  R     R  O     O  R     R     ###     ###     ###     |
|     E        R     R  R     R  O     O  R     R     ###     ###     ###     |
|     EEEEE    RRRRRR   RRRRRR   O     O  RRRRRR       #       #       #      |
|     E        R   R    R   R    O     O  R   R                               |
|     E        R    R   R    R   O     O  R    R      ###     ###     ###     |
|     EEEEEEE  R     R  R     R  OOOOOOO  R     R     ###     ###     ###     |
|                                                                             |
|     No INCAR found, STOPPING                                                |
|                                                                             |
|       ---->  I REFUSE TO CONTINUE WITH THIS SICK JOB ... BYE!!! <----       |
|                                                                             |
 -----------------------------------------------------------------------------

 -----------------------------------------------------------------------------
|                                                                             |
|     EEEEEEE  RRRRRR   RRRRRR   OOOOOOO  RRRRRR      ###     ###     ###     |
|     E        R     R  R     R  O     O  R     R     ###     ###     ###     |
|     E        R     R  R     R  O     O  R     R     ###     ###     ###     |
|     EEEEE    RRRRRR   RRRRRR   O     O  RRRRRR       #       #       #      |
|     E        R   R    R   R    O     O  R   R                               |
|     E        R    R   R    R   O     O  R    R      ###     ###     ###     |
|     EEEEEEE  R     R  R     R  OOOOOOO  R     R     ###     ###     ###     |
|                                                                             |
|     No INCAR found, STOPPING                                                |
|                                                                             |
|       ---->  I REFUSE TO CONTINUE WITH THIS SICK JOB ... BYE!!! <----       |
|                                                                             |
 -----------------------------------------------------------------------------

 -----------------------------------------------------------------------------
|                                                                             |
|     EEEEEEE  RRRRRR   RRRRRR   OOOOOOO  RRRRRR      ###     ###     ###     |
|     E        R     R  R     R  O     O  R     R     ###     ###     ###     |
|     E        R     R  R     R  O     O  R     R     ###     ###     ###     |
|     EEEEE    RRRRRR   RRRRRR   O     O  RRRRRR       #       #       #      |
|     E        R   R    R   R    O     O  R   R                               |
|     E        R    R   R    R   O     O  R    R      ###     ###     ###     |
|     EEEEEEE  R     R  R     R  OOOOOOO  R     R     ###     ###     ###     |
|                                                                             |
|     No INCAR found, STOPPING                                                |
|                                                                             |
|       ---->  I REFUSE TO CONTINUE WITH THIS SICK JOB ... BYE!!! <----       |
|                                                                             |
 -----------------------------------------------------------------------------

 -----------------------------------------------------------------------------
|                                                                             |
|     EEEEEEE  RRRRRR   RRRRRR   OOOOOOO  RRRRRR      ###     ###     ###     |
|     E        R     R  R     R  O     O  R     R     ###     ###     ###     |
|     E        R     R  R     R  O     O  R     R     ###     ###     ###     |
|     EEEEE    RRRRRR   RRRRRR   O     O  RRRRRR       #       #       #      |
|     E        R   R    R   R    O     O  R   R                               |
|     E        R    R   R    R   O     O  R    R      ###     ###     ###     |
|     EEEEEEE  R     R  R     R  OOOOOOO  R     R     ###     ###     ###     |
|                                                                             |
|     No INCAR found, STOPPING                                                |
|                                                                             |
|       ---->  I REFUSE TO CONTINUE WITH THIS SICK JOB ... BYE!!! <----       |
|                                                                             |
 -----------------------------------------------------------------------------

 -----------------------------------------------------------------------------
|                                                                             |
|     EEEEEEE  RRRRRR   RRRRRR   OOOOOOO  RRRRRR      ###     ###     ###     |
|     E        R     R  R     R  O     O  R     R     ###     ###     ###     |
|     E        R     R  R     R  O     O  R     R     ###     ###     ###     |
|     EEEEE    RRRRRR   RRRRRR   O     O  RRRRRR       #       #       #      |
|     E        R   R    R   R    O     O  R   R                               |
|     E        R    R   R    R   O     O  R    R      ###     ###     ###     |
|     EEEEEEE  R     R  R     R  OOOOOOO  R     R     ###     ###     ###     |
|                                                                             |
|     No INCAR found, STOPPING                                                |
|                                                                             |
|       ---->  I REFUSE TO CONTINUE WITH THIS SICK JOB ... BYE!!! <----       |
|                                                                             |
 -----------------------------------------------------------------------------

 -----------------------------------------------------------------------------
|                                                                             |
|     EEEEEEE  RRRRRR   RRRRRR   OOOOOOO  RRRRRR      ###     ###     ###     |
|     E        R     R  R     R  O     O  R     R     ###     ###     ###     |
|     E        R     R  R     R  O     O  R     R     ###     ###     ###     |
|     EEEEE    RRRRRR   RRRRRR   O     O  RRRRRR       #       #       #      |
|     E        R   R    R   R    O     O  R   R                               |
|     E        R    R   R    R   O     O  R    R      ###     ###     ###     |
|     EEEEEEE  R     R  R     R  OOOOOOO  R     R     ###     ###     ###     |
|                                                                             |
|     No INCAR found, STOPPING                                                |
|                                                                             |
|       ---->  I REFUSE TO CONTINUE WITH THIS SICK JOB ... BYE!!! <----       |
|                                                                             |
 -----------------------------------------------------------------------------

 -----------------------------------------------------------------------------
|                                                                             |
|     EEEEEEE  RRRRRR   RRRRRR   OOOOOOO  RRRRRR      ###     ###     ###     |
|     E        R     R  R     R  O     O  R     R     ###     ###     ###     |
|     E        R     R  R     R  O     O  R     R     ###     ###     ###     |
|     EEEEE    RRRRRR   RRRRRR   O     O  RRRRRR       #       #       #      |
|     E        R   R    R   R    O     O  R   R                               |
|     E        R    R   R    R   O     O  R    R      ###     ###     ###     |
|     EEEEEEE  R     R  R     R  OOOOOOO  R     R     ###     ###     ###     |
|                                                                             |
|     No INCAR found, STOPPING                                                |
|                                                                             |
|       ---->  I REFUSE TO CONTINUE WITH THIS SICK JOB ... BYE!!! <----       |
|                                                                             |
 -----------------------------------------------------------------------------

 -----------------------------------------------------------------------------
|                                                                             |
|     EEEEEEE  RRRRRR   RRRRRR   OOOOOOO  RRRRRR      ###     ###     ###     |
|     E        R     R  R     R  O     O  R     R     ###     ###     ###     |
|     E        R     R  R     R  O     O  R     R     ###     ###     ###     |
|     EEEEE    RRRRRR   RRRRRR   O     O  RRRRRR       #       #       #      |
|     E        R   R    R   R    O     O  R   R                               |
|     E        R    R   R    R   O     O  R    R      ###     ###     ###     |
|     EEEEEEE  R     R  R     R  OOOOOOO  R     R     ###     ###     ###     |
|                                                                             |
|     No INCAR found, STOPPING                                                |
|                                                                             |
|       ---->  I REFUSE TO CONTINUE WITH THIS SICK JOB ... BYE!!! <----       |
|                                                                             |
 -----------------------------------------------------------------------------

 -----------------------------------------------------------------------------
|                                                                             |
|     EEEEEEE  RRRRRR   RRRRRR   OOOOOOO  RRRRRR      ###     ###     ###     |
|     E        R     R  R     R  O     O  R     R     ###     ###     ###     |
|     E        R     R  R     R  O     O  R     R     ###     ###     ###     |
|     EEEEE    RRRRRR   RRRRRR   O     O  RRRRRR       #       #       #      |
|     E        R   R    R   R    O     O  R   R                               |
|     E        R    R   R    R   O     O  R    R      ###     ###     ###     |
|     EEEEEEE  R     R  R     R  OOOOOOO  R     R     ###     ###     ###     |
|                                                                             |
|     No INCAR found, STOPPING                                                |
|                                                                             |
|       ---->  I REFUSE TO CONTINUE WITH THIS SICK JOB ... BYE!!! <----       |
|                                                                             |
 -----------------------------------------------------------------------------

 -----------------------------------------------------------------------------
|                                                                             |
|     EEEEEEE  RRRRRR   RRRRRR   OOOOOOO  RRRRRR      ###     ###     ###     |
|     E        R     R  R     R  O     O  R     R     ###     ###     ###     |
|     E        R     R  R     R  O     O  R     R     ###     ###     ###     |
|     EEEEE    RRRRRR   RRRRRR   O     O  RRRRRR       #       #       #      |
|     E        R   R    R   R    O     O  R   R                               |
|     E        R    R   R    R   O     O  R    R      ###     ###     ###     |
|     EEEEEEE  R     R  R     R  OOOOOOO  R     R     ###     ###     ###     |
|                                                                             |
|     No INCAR found, STOPPING                                                |
|                                                                             |
|       ---->  I REFUSE TO CONTINUE WITH THIS SICK JOB ... BYE!!! <----       |
|                                                                             |
 -----------------------------------------------------------------------------

 -----------------------------------------------------------------------------
|                                                                             |
|     EEEEEEE  RRRRRR   RRRRRR   OOOOOOO  RRRRRR      ###     ###     ###     |
|     E        R     R  R     R  O     O  R     R     ###     ###     ###     |
|     E        R     R  R     R  O     O  R     R     ###     ###     ###     |
|     EEEEE    RRRRRR   RRRRRR   O     O  RRRRRR       #       #       #      |
|     E        R   R    R   R    O     O  R   R                               |
|     E        R    R   R    R   O     O  R    R      ###     ###     ###     |
|     EEEEEEE  R     R  R     R  OOOOOOO  R     R     ###     ###     ###     |
|                                                                             |
|     No INCAR found, STOPPING                                                |
|                                                                             |
|       ---->  I REFUSE TO CONTINUE WITH THIS SICK JOB ... BYE!!! <----       |
|                                                                             |
 -----------------------------------------------------------------------------

 -----------------------------------------------------------------------------
|                                                                             |
|     EEEEEEE  RRRRRR   RRRRRR   OOOOOOO  RRRRRR      ###     ###     ###     |
|     E        R     R  R     R  O     O  R     R     ###     ###     ###     |
|     E        R     R  R     R  O     O  R     R     ###     ###     ###     |
|     EEEEE    RRRRRR   RRRRRR   O     O  RRRRRR       #       #       #      |
|     E        R   R    R   R    O     O  R   R                               |
|     E        R    R   R    R   O     O  R    R      ###     ###     ###     |
|     EEEEEEE  R     R  R     R  OOOOOOO  R     R     ###     ###     ###     |
|                                                                             |
|     No INCAR found, STOPPING                                                |
|                                                                             |
|       ---->  I REFUSE TO CONTINUE WITH THIS SICK JOB ... BYE!!! <----       |
|                                                                             |
 -----------------------------------------------------------------------------

 -----------------------------------------------------------------------------
|                                                                             |
|     EEEEEEE  RRRRRR   RRRRRR   OOOOOOO  RRRRRR      ###     ###     ###     |
|     E        R     R  R     R  O     O  R     R     ###     ###     ###     |
|     E        R     R  R     R  O     O  R     R     ###     ###     ###     |
|     EEEEE    RRRRRR   RRRRRR   O     O  RRRRRR       #       #       #      |
|     E        R   R    R   R    O     O  R   R                               |
|     E        R    R   R    R   O     O  R    R      ###     ###     ###     |
|     EEEEEEE  R     R  R     R  OOOOOOO  R     R     ###     ###     ###     |
|                                                                             |
|     No INCAR found, STOPPING                                                |
|                                                                             |
|       ---->  I REFUSE TO CONTINUE WITH THIS SICK JOB ... BYE!!! <----       |
|                                                                             |
 -----------------------------------------------------------------------------

 -----------------------------------------------------------------------------
|                                                                             |
|     EEEEEEE  RRRRRR   RRRRRR   OOOOOOO  RRRRRR      ###     ###     ###     |
|     E        R     R  R     R  O     O  R     R     ###     ###     ###     |
|     E        R     R  R     R  O     O  R     R     ###     ###     ###     |
|     EEEEE    RRRRRR   RRRRRR   O     O  RRRRRR       #       #       #      |
|     E        R   R    R   R    O     O  R   R                               |
|     E        R    R   R    R   O     O  R    R      ###     ###     ###     |
|     EEEEEEE  R     R  R     R  OOOOOOO  R     R     ###     ###     ###     |
|                                                                             |
|     No INCAR found, STOPPING                                                |
|                                                                             |
|       ---->  I REFUSE TO CONTINUE WITH THIS SICK JOB ... BYE!!! <----       |
|                                                                             |
 -----------------------------------------------------------------------------

 -----------------------------------------------------------------------------
|                                                                             |
|     EEEEEEE  RRRRRR   RRRRRR   OOOOOOO  RRRRRR      ###     ###     ###     |
|     E        R     R  R     R  O     O  R     R     ###     ###     ###     |
|     E        R     R  R     R  O     O  R     R     ###     ###     ###     |
|     EEEEE    RRRRRR   RRRRRR   O     O  RRRRRR       #       #       #      |
|     E        R   R    R   R    O     O  R   R                               |
|     E        R    R   R    R   O     O  R    R      ###     ###     ###     |
|     EEEEEEE  R     R  R     R  OOOOOOO  R     R     ###     ###     ###     |
|                                                                             |
|     No INCAR found, STOPPING                                                |
|                                                                             |
|       ---->  I REFUSE TO CONTINUE WITH THIS SICK JOB ... BYE!!! <----       |
|                                                                             |
 -----------------------------------------------------------------------------

 -----------------------------------------------------------------------------
|                                                                             |
|     EEEEEEE  RRRRRR   RRRRRR   OOOOOOO  RRRRRR      ###     ###     ###     |
|     E        R     R  R     R  O     O  R     R     ###     ###     ###     |
|     E        R     R  R     R  O     O  R     R     ###     ###     ###     |
|     EEEEE    RRRRRR   RRRRRR   O     O  RRRRRR       #       #       #      |
|     E        R   R    R   R    O     O  R   R                               |
|     E        R    R   R    R   O     O  R    R      ###     ###     ###     |
|     EEEEEEE  R     R  R     R  OOOOOOO  R     R     ###     ###     ###     |
|                                                                             |
|     No INCAR found, STOPPING                                                |
|                                                                             |
|       ---->  I REFUSE TO CONTINUE WITH THIS SICK JOB ... BYE!!! <----       |
|                                                                             |
 -----------------------------------------------------------------------------

 -----------------------------------------------------------------------------
|                                                                             |
|     EEEEEEE  RRRRRR   RRRRRR   OOOOOOO  RRRRRR      ###     ###     ###     |
|     E        R     R  R     R  O     O  R     R     ###     ###     ###     |
|     E        R     R  R     R  O     O  R     R     ###     ###     ###     |
|     EEEEE    RRRRRR   RRRRRR   O     O  RRRRRR       #       #       #      |
|     E        R   R    R   R    O     O  R   R                               |
|     E        R    R   R    R   O     O  R    R      ###     ###     ###     |
|     EEEEEEE  R     R  R     R  OOOOOOO  R     R     ###     ###     ###     |
|                                                                             |
|     No INCAR found, STOPPING                                                |
|                                                                             |
|       ---->  I REFUSE TO CONTINUE WITH THIS SICK JOB ... BYE!!! <----       |
|                                                                             |
 -----------------------------------------------------------------------------

 -----------------------------------------------------------------------------
|                                                                             |
|     EEEEEEE  RRRRRR   RRRRRR   OOOOOOO  RRRRRR      ###     ###     ###     |
|     E        R     R  R     R  O     O  R     R     ###     ###     ###     |
|     E        R     R  R     R  O     O  R     R     ###     ###     ###     |
|     EEEEE    RRRRRR   RRRRRR   O     O  RRRRRR       #       #       #      |
|     E        R   R    R   R    O     O  R   R                               |
|     E        R    R   R    R   O     O  R    R      ###     ###     ###     |
|     EEEEEEE  R     R  R     R  OOOOOOO  R     R     ###     ###     ###     |
|                                                                             |
|     No INCAR found, STOPPING                                                |
|                                                                             |
|       ---->  I REFUSE TO CONTINUE WITH THIS SICK JOB ... BYE!!! <----       |
|                                                                             |
 -----------------------------------------------------------------------------

 -----------------------------------------------------------------------------
|                                                                             |
|     EEEEEEE  RRRRRR   RRRRRR   OOOOOOO  RRRRRR      ###     ###     ###     |
|     E        R     R  R     R  O     O  R     R     ###     ###     ###     |
|     E        R     R  R     R  O     O  R     R     ###     ###     ###     |
|     EEEEE    RRRRRR   RRRRRR   O     O  RRRRRR       #       #       #      |
|     E        R   R    R   R    O     O  R   R                               |
|     E        R    R   R    R   O     O  R    R      ###     ###     ###     |
|     EEEEEEE  R     R  R     R  OOOOOOO  R     R     ###     ###     ###     |
|                                                                             |
|     No INCAR found, STOPPING                                                |
|                                                                             |
|       ---->  I REFUSE TO CONTINUE WITH THIS SICK JOB ... BYE!!! <----       |
|                                                                             |
 -----------------------------------------------------------------------------

 -----------------------------------------------------------------------------
|                                                                             |
|     EEEEEEE  RRRRRR   RRRRRR   OOOOOOO  RRRRRR      ###     ###     ###     |
|     E        R     R  R     R  O     O  R     R     ###     ###     ###     |
|     E        R     R  R     R  O     O  R     R     ###     ###     ###     |
|     EEEEE    RRRRRR   RRRRRR   O     O  RRRRRR       #       #       #      |
|     E        R   R    R   R    O     O  R   R                               |
|     E        R    R   R    R   O     O  R    R      ###     ###     ###     |
|     EEEEEEE  R     R  R     R  OOOOOOO  R     R     ###     ###     ###     |
|                                                                             |
|     No INCAR found, STOPPING                                                |
|                                                                             |
|       ---->  I REFUSE TO CONTINUE WITH THIS SICK JOB ... BYE!!! <----       |
|                                                                             |
 -----------------------------------------------------------------------------

 -----------------------------------------------------------------------------
|                                                                             |
|     EEEEEEE  RRRRRR   RRRRRR   OOOOOOO  RRRRRR      ###     ###     ###     |
|     E        R     R  R     R  O     O  R     R     ###     ###     ###     |
|     E        R     R  R     R  O     O  R     R     ###     ###     ###     |
|     EEEEE    RRRRRR   RRRRRR   O     O  RRRRRR       #       #       #      |
|     E        R   R    R   R    O     O  R   R                               |
|     E        R    R   R    R   O     O  R    R      ###     ###     ###     |
|     EEEEEEE  R     R  R     R  OOOOOOO  R     R     ###     ###     ###     |
|                                                                             |
|     No INCAR found, STOPPING                                                |
|                                                                             |
|       ---->  I REFUSE TO CONTINUE WITH THIS SICK JOB ... BYE!!! <----       |
|                                                                             |
 -----------------------------------------------------------------------------

 -----------------------------------------------------------------------------
|                                                                             |
|     EEEEEEE  RRRRRR   RRRRRR   OOOOOOO  RRRRRR      ###     ###     ###     |
|     E        R     R  R     R  O     O  R     R     ###     ###     ###     |
|     E        R     R  R     R  O     O  R     R     ###     ###     ###     |
|     EEEEE    RRRRRR   RRRRRR   O     O  RRRRRR       #       #       #      |
|     E        R   R    R   R    O     O  R   R                               |
|     E        R    R   R    R   O     O  R    R      ###     ###     ###     |
|     EEEEEEE  R     R  R     R  OOOOOOO  R     R     ###     ###     ###     |
|                                                                             |
|     No INCAR found, STOPPING                                                |
|                                                                             |
|       ---->  I REFUSE TO CONTINUE WITH THIS SICK JOB ... BYE!!! <----       |
|                                                                             |
 -----------------------------------------------------------------------------

 -----------------------------------------------------------------------------
|                                                                             |
|     EEEEEEE  RRRRRR   RRRRRR   OOOOOOO  RRRRRR      ###     ###     ###     |
|     E        R     R  R     R  O     O  R     R     ###     ###     ###     |
|     E        R     R  R     R  O     O  R     R     ###     ###     ###     |
|     EEEEE    RRRRRR   RRRRRR   O     O  RRRRRR       #       #       #      |
|     E        R   R    R   R    O     O  R   R                               |
|     E        R    R   R    R   O     O  R    R      ###     ###     ###     |
|     EEEEEEE  R     R  R     R  OOOOOOO  R     R     ###     ###     ###     |
|                                                                             |
|     No INCAR found, STOPPING                                                |
|                                                                             |
|       ---->  I REFUSE TO CONTINUE WITH THIS SICK JOB ... BYE!!! <----       |
|                                                                             |
 -----------------------------------------------------------------------------

 -----------------------------------------------------------------------------
|                                                                             |
|     EEEEEEE  RRRRRR   RRRRRR   OOOOOOO  RRRRRR      ###     ###     ###     |
|     E        R     R  R     R  O     O  R     R     ###     ###     ###     |
|     E        R     R  R     R  O     O  R     R     ###     ###     ###     |
|     EEEEE    RRRRRR   RRRRRR   O     O  RRRRRR       #       #       #      |
|     E        R   R    R   R    O     O  R   R                               |
|     E        R    R   R    R   O     O  R    R      ###     ###     ###     |
|     EEEEEEE  R     R  R     R  OOOOOOO  R     R     ###     ###     ###     |
|                                                                             |
|     No INCAR found, STOPPING                                                |
|                                                                             |
|       ---->  I REFUSE TO CONTINUE WITH THIS SICK JOB ... BYE!!! <----       |
|                                                                             |
 -----------------------------------------------------------------------------

 -----------------------------------------------------------------------------
|                                                                             |
|     EEEEEEE  RRRRRR   RRRRRR   OOOOOOO  RRRRRR      ###     ###     ###     |
|     E        R     R  R     R  O     O  R     R     ###     ###     ###     |
|     E        R     R  R     R  O     O  R     R     ###     ###     ###     |
|     EEEEE    RRRRRR   RRRRRR   O     O  RRRRRR       #       #       #      |
|     E        R   R    R   R    O     O  R   R                               |
|     E        R    R   R    R   O     O  R    R      ###     ###     ###     |
|     EEEEEEE  R     R  R     R  OOOOOOO  R     R     ###     ###     ###     |
|                                                                             |
|     No INCAR found, STOPPING                                                |
|                                                                             |
|       ---->  I REFUSE TO CONTINUE WITH THIS SICK JOB ... BYE!!! <----       |
|                                                                             |
 -----------------------------------------------------------------------------

 -----------------------------------------------------------------------------
|                                                                             |
|     EEEEEEE  RRRRRR   RRRRRR   OOOOOOO  RRRRRR      ###     ###     ###     |
|     E        R     R  R     R  O     O  R     R     ###     ###     ###     |
|     E        R     R  R     R  O     O  R     R     ###     ###     ###     |
|     EEEEE    RRRRRR   RRRRRR   O     O  RRRRRR       #       #       #      |
|     E        R   R    R   R    O     O  R   R                               |
|     E        R    R   R    R   O     O  R    R      ###     ###     ###     |
|     EEEEEEE  R     R  R     R  OOOOOOO  R     R     ###     ###     ###     |
|                                                                             |
|     No INCAR found, STOPPING                                                |
|                                                                             |
|       ---->  I REFUSE TO CONTINUE WITH THIS SICK JOB ... BYE!!! <----       |
|                                                                             |
 -----------------------------------------------------------------------------

 -----------------------------------------------------------------------------
|                                                                             |
|     EEEEEEE  RRRRRR   RRRRRR   OOOOOOO  RRRRRR      ###     ###     ###     |
|     E        R     R  R     R  O     O  R     R     ###     ###     ###     |
|     E        R     R  R     R  O     O  R     R     ###     ###     ###     |
|     EEEEE    RRRRRR   RRRRRR   O     O  RRRRRR       #       #       #      |
|     E        R   R    R   R    O     O  R   R                               |
|     E        R    R   R    R   O     O  R    R      ###     ###     ###     |
|     EEEEEEE  R     R  R     R  OOOOOOO  R     R     ###     ###     ###     |
|                                                                             |
|     No INCAR found, STOPPING                                                |
|                                                                             |
|       ---->  I REFUSE TO CONTINUE WITH THIS SICK JOB ... BYE!!! <----       |
|                                                                             |
 -----------------------------------------------------------------------------

 -----------------------------------------------------------------------------
|                                                                             |
|     EEEEEEE  RRRRRR   RRRRRR   OOOOOOO  RRRRRR      ###     ###     ###     |
|     E        R     R  R     R  O     O  R     R     ###     ###     ###     |
|     E        R     R  R     R  O     O  R     R     ###     ###     ###     |
|     EEEEE    RRRRRR   RRRRRR   O     O  RRRRRR       #       #       #      |
|     E        R   R    R   R    O     O  R   R                               |
|     E        R    R   R    R   O     O  R    R      ###     ###     ###     |
|     EEEEEEE  R     R  R     R  OOOOOOO  R     R     ###     ###     ###     |
|                                                                             |
|     No INCAR found, STOPPING                                                |
|                                                                             |
|       ---->  I REFUSE TO CONTINUE WITH THIS SICK JOB ... BYE!!! <----       |
|                                                                             |
 -----------------------------------------------------------------------------

 -----------------------------------------------------------------------------
|                                                                             |
|     EEEEEEE  RRRRRR   RRRRRR   OOOOOOO  RRRRRR      ###     ###     ###     |
|     E        R     R  R     R  O     O  R     R     ###     ###     ###     |
|     E        R     R  R     R  O     O  R     R     ###     ###     ###     |
|     EEEEE    RRRRRR   RRRRRR   O     O  RRRRRR       #       #       #      |
|     E        R   R    R   R    O     O  R   R                               |
|     E        R    R   R    R   O     O  R    R      ###     ###     ###     |
|     EEEEEEE  R     R  R     R  OOOOOOO  R     R     ###     ###     ###     |
|                                                                             |
|     No INCAR found, STOPPING                                                |
|                                                                             |
|       ---->  I REFUSE TO CONTINUE WITH THIS SICK JOB ... BYE!!! <----       |
|                                                                             |
 -----------------------------------------------------------------------------

 -----------------------------------------------------------------------------
|                                                                             |
|     EEEEEEE  RRRRRR   RRRRRR   OOOOOOO  RRRRRR      ###     ###     ###     |
|     E        R     R  R     R  O     O  R     R     ###     ###     ###     |
|     E        R     R  R     R  O     O  R     R     ###     ###     ###     |
|     EEEEE    RRRRRR   RRRRRR   O     O  RRRRRR       #       #       #      |
|     E        R   R    R   R    O     O  R   R                               |
|     E        R    R   R    R   O     O  R    R      ###     ###     ###     |
|     EEEEEEE  R     R  R     R  OOOOOOO  R     R     ###     ###     ###     |
|                                                                             |
|     No INCAR found, STOPPING                                                |
|                                                                             |
|       ---->  I REFUSE TO CONTINUE WITH THIS SICK JOB ... BYE!!! <----       |
|                                                                             |
 -----------------------------------------------------------------------------

 -----------------------------------------------------------------------------
|                                                                             |
|     EEEEEEE  RRRRRR   RRRRRR   OOOOOOO  RRRRRR      ###     ###     ###     |
|     E        R     R  R     R  O     O  R     R     ###     ###     ###     |
|     E        R     R  R     R  O     O  R     R     ###     ###     ###     |
|     EEEEE    RRRRRR   RRRRRR   O     O  RRRRRR       #       #       #      |
|     E        R   R    R   R    O     O  R   R                               |
|     E        R    R   R    R   O     O  R    R      ###     ###     ###     |
|     EEEEEEE  R     R  R     R  OOOOOOO  R     R     ###     ###     ###     |
|                                                                             |
|     No INCAR found, STOPPING                                                |
|                                                                             |
|       ---->  I REFUSE TO CONTINUE WITH THIS SICK JOB ... BYE!!! <----       |
|                                                                             |
 -----------------------------------------------------------------------------

 -----------------------------------------------------------------------------
|                                                                             |
|     EEEEEEE  RRRRRR   RRRRRR   OOOOOOO  RRRRRR      ###     ###     ###     |
|     E        R     R  R     R  O     O  R     R     ###     ###     ###     |
|     E        R     R  R     R  O     O  R     R     ###     ###     ###     |
|     EEEEE    RRRRRR   RRRRRR   O     O  RRRRRR       #       #       #      |
|     E        R   R    R   R    O     O  R   R                               |
|     E        R    R   R    R   O     O  R    R      ###     ###     ###     |
|     EEEEEEE  R     R  R     R  OOOOOOO  R     R     ###     ###     ###     |
|                                                                             |
|     No INCAR found, STOPPING                                                |
|                                                                             |
|       ---->  I REFUSE TO CONTINUE WITH THIS SICK JOB ... BYE!!! <----       |
|                                                                             |
 -----------------------------------------------------------------------------

 -----------------------------------------------------------------------------
|                                                                             |
|     EEEEEEE  RRRRRR   RRRRRR   OOOOOOO  RRRRRR      ###     ###     ###     |
|     E        R     R  R     R  O     O  R     R     ###     ###     ###     |
|     E        R     R  R     R  O     O  R     R     ###     ###     ###     |
|     EEEEE    RRRRRR   RRRRRR   O     O  RRRRRR       #       #       #      |
|     E        R   R    R   R    O     O  R   R                               |
|     E        R    R   R    R   O     O  R    R      ###     ###     ###     |
|     EEEEEEE  R     R  R     R  OOOOOOO  R     R     ###     ###     ###     |
|                                                                             |
|     No INCAR found, STOPPING                                                |
|                                                                             |
|       ---->  I REFUSE TO CONTINUE WITH THIS SICK JOB ... BYE!!! <----       |
|                                                                             |
 -----------------------------------------------------------------------------

 -----------------------------------------------------------------------------
|                                                                             |
|     EEEEEEE  RRRRRR   RRRRRR   OOOOOOO  RRRRRR      ###     ###     ###     |
|     E        R     R  R     R  O     O  R     R     ###     ###     ###     |
|     E        R     R  R     R  O     O  R     R     ###     ###     ###     |
|     EEEEE    RRRRRR   RRRRRR   O     O  RRRRRR       #       #       #      |
|     E        R   R    R   R    O     O  R   R                               |
|     E        R    R   R    R   O     O  R    R      ###     ###     ###     |
|     EEEEEEE  R     R  R     R  OOOOOOO  R     R     ###     ###     ###     |
|                                                                             |
|     No INCAR found, STOPPING                                                |
|                                                                             |
|       ---->  I REFUSE TO CONTINUE WITH THIS SICK JOB ... BYE!!! <----       |
|                                                                             |
 -----------------------------------------------------------------------------

 -----------------------------------------------------------------------------
|                                                                             |
|     EEEEEEE  RRRRRR   RRRRRR   OOOOOOO  RRRRRR      ###     ###     ###     |
|     E        R     R  R     R  O     O  R     R     ###     ###     ###     |
|     E        R     R  R     R  O     O  R     R     ###     ###     ###     |
|     EEEEE    RRRRRR   RRRRRR   O     O  RRRRRR       #       #       #      |
|     E        R   R    R   R    O     O  R   R                               |
|     E        R    R   R    R   O     O  R    R      ###     ###     ###     |
|     EEEEEEE  R     R  R     R  OOOOOOO  R     R     ###     ###     ###     |
|                                                                             |
|     No INCAR found, STOPPING                                                |
|                                                                             |
|       ---->  I REFUSE TO CONTINUE WITH THIS SICK JOB ... BYE!!! <----       |
|                                                                             |
 -----------------------------------------------------------------------------

 -----------------------------------------------------------------------------
|                                                                             |
|     EEEEEEE  RRRRRR   RRRRRR   OOOOOOO  RRRRRR      ###     ###     ###     |
|     E        R     R  R     R  O     O  R     R     ###     ###     ###     |
|     E        R     R  R     R  O     O  R     R     ###     ###     ###     |
|     EEEEE    RRRRRR   RRRRRR   O     O  RRRRRR       #       #       #      |
|     E        R   R    R   R    O     O  R   R                               |
|     E        R    R   R    R   O     O  R    R      ###     ###     ###     |
|     EEEEEEE  R     R  R     R  OOOOOOO  R     R     ###     ###     ###     |
|                                                                             |
|     No INCAR found, STOPPING                                                |
|                                                                             |
|       ---->  I REFUSE TO CONTINUE WITH THIS SICK JOB ... BYE!!! <----       |
|                                                                             |
 -----------------------------------------------------------------------------

 -----------------------------------------------------------------------------
|                                                                             |
|     EEEEEEE  RRRRRR   RRRRRR   OOOOOOO  RRRRRR      ###     ###     ###     |
|     E        R     R  R     R  O     O  R     R     ###     ###     ###     |
|     E        R     R  R     R  O     O  R     R     ###     ###     ###     |
|     EEEEE    RRRRRR   RRRRRR   O     O  RRRRRR       #       #       #      |
|     E        R   R    R   R    O     O  R   R                               |
|     E        R    R   R    R   O     O  R    R      ###     ###     ###     |
|     EEEEEEE  R     R  R     R  OOOOOOO  R     R     ###     ###     ###     |
|                                                                             |
|     No INCAR found, STOPPING                                                |
|                                                                             |
|       ---->  I REFUSE TO CONTINUE WITH THIS SICK JOB ... BYE!!! <----       |
|                                                                             |
 -----------------------------------------------------------------------------

Abort(1) on node 0 (rank 0 in comm 0): application called MPI_Abort(MPI_COMM_WORLD, 1) - process 0
/hpc2hdd/home/jpan305/miniconda3/envs/openocc/lib/python3.7/site-packages/torch/distributed/launch.py:186: FutureWarning: The module torch.distributed.launch is deprecated
and will be removed in future. Use torchrun.
Note that --use_env is set by default in torchrun.
If your script expects `--local_rank` argument to be set, please
change it to read from `os.environ['LOCAL_RANK']` instead. See 
https://pytorch.org/docs/stable/distributed.html#launch-utility for 
further instructions

  FutureWarning,
WARNING:torch.distributed.run:
*****************************************
Setting OMP_NUM_THREADS environment variable for each process to be 1 in default, to avoid your system being overloaded, please further tune the variable for optimal performance in your application as needed. 
*****************************************
Traceback (most recent call last):
Traceback (most recent call last):
  File "/hpc2hdd/home/jpan305/miniconda3/envs/openocc/lib/python3.7/site-packages/mmcv/utils/config.py", line 101, in _validate_py_syntax
Traceback (most recent call last):
  File "/hpc2hdd/home/jpan305/miniconda3/envs/openocc/lib/python3.7/site-packages/mmcv/utils/config.py", line 101, in _validate_py_syntax
Traceback (most recent call last):
  File "/hpc2hdd/home/jpan305/miniconda3/envs/openocc/lib/python3.7/site-packages/mmcv/utils/config.py", line 101, in _validate_py_syntax
Traceback (most recent call last):
  File "/hpc2hdd/home/jpan305/miniconda3/envs/openocc/lib/python3.7/site-packages/mmcv/utils/config.py", line 101, in _validate_py_syntax
Traceback (most recent call last):
  File "/hpc2hdd/home/jpan305/miniconda3/envs/openocc/lib/python3.7/site-packages/mmcv/utils/config.py", line 101, in _validate_py_syntax
Traceback (most recent call last):
  File "/hpc2hdd/home/jpan305/miniconda3/envs/openocc/lib/python3.7/site-packages/mmcv/utils/config.py", line 101, in _validate_py_syntax
Traceback (most recent call last):
  File "/hpc2hdd/home/jpan305/miniconda3/envs/openocc/lib/python3.7/site-packages/mmcv/utils/config.py", line 101, in _validate_py_syntax
  File "/hpc2hdd/home/jpan305/miniconda3/envs/openocc/lib/python3.7/site-packages/mmcv/utils/config.py", line 101, in _validate_py_syntax
    ast.parse(content)
      File "/hpc2hdd/home/jpan305/miniconda3/envs/openocc/lib/python3.7/ast.py", line 35, in parse
ast.parse(content)
  File "/hpc2hdd/home/jpan305/miniconda3/envs/openocc/lib/python3.7/ast.py", line 35, in parse
                ast.parse(content)ast.parse(content)        ast.parse(content)ast.parse(content)

ast.parse(content)ast.parse(content)

  File "/hpc2hdd/home/jpan305/miniconda3/envs/openocc/lib/python3.7/ast.py", line 35, in parse
  File "/hpc2hdd/home/jpan305/miniconda3/envs/openocc/lib/python3.7/ast.py", line 35, in parse


  File "/hpc2hdd/home/jpan305/miniconda3/envs/openocc/lib/python3.7/ast.py", line 35, in parse
  File "/hpc2hdd/home/jpan305/miniconda3/envs/openocc/lib/python3.7/ast.py", line 35, in parse
  File "/hpc2hdd/home/jpan305/miniconda3/envs/openocc/lib/python3.7/ast.py", line 35, in parse
  File "/hpc2hdd/home/jpan305/miniconda3/envs/openocc/lib/python3.7/ast.py", line 35, in parse
        return compile(source, filename, mode, PyCF_ONLY_AST)return compile(source, filename, mode, PyCF_ONLY_AST)

  File "<unknown>", line 187
  File "<unknown>", line 187
                dataset_type = 'CustomNuScenesOccLSSDataset'
return compile(source, filename, mode, PyCF_ONLY_AST)dataset_type = 'CustomNuScenesOccLSSDataset'
    return compile(source, filename, mode, PyCF_ONLY_AST)            
        return compile(source, filename, mode, PyCF_ONLY_AST)
return compile(source, filename, mode, PyCF_ONLY_AST)return compile(source, filename, mode, PyCF_ONLY_AST)   File "<unknown>", line 187
return compile(source, filename, mode, PyCF_ONLY_AST) 

  File "<unknown>", line 187

     
   File "<unknown>", line 187
      File "<unknown>", line 187
   File "<unknown>", line 187
dataset_type = 'CustomNuScenesOccLSSDataset'
   File "<unknown>", line 187
    dataset_type = 'CustomNuScenesOccLSSDataset'
                  dataset_type = 'CustomNuScenesOccLSSDataset'
    dataset_type = 'CustomNuScenesOccLSSDataset'
 dataset_type = 'CustomNuScenesOccLSSDataset'
  dataset_type = 'CustomNuScenesOccLSSDataset'
                                                               ^
  ^
    SyntaxError  SyntaxError    :   :     invalid syntax  invalid syntax    
 ^

  ^
 
During handling of the above exception, another exception occurred:

 SyntaxError
During handling of the above exception, another exception occurred:

 ^
SyntaxError^
Traceback (most recent call last):
^
: Traceback (most recent call last):
^
SyntaxError: SyntaxError  File "tools/train.py", line 263, in <module>
SyntaxErrorinvalid syntax  File "tools/train.py", line 263, in <module>
SyntaxError: invalid syntax: : 
: invalid syntax
invalid syntaxinvalid syntax
During handling of the above exception, another exception occurred:

invalid syntax

During handling of the above exception, another exception occurred:



Traceback (most recent call last):


During handling of the above exception, another exception occurred:

Traceback (most recent call last):

During handling of the above exception, another exception occurred:


During handling of the above exception, another exception occurred:

  File "tools/train.py", line 263, in <module>

During handling of the above exception, another exception occurred:

    Traceback (most recent call last):
  File "tools/train.py", line 263, in <module>
Traceback (most recent call last):
    Traceback (most recent call last):
Traceback (most recent call last):
main()  File "tools/train.py", line 263, in <module>
  File "tools/train.py", line 263, in <module>
main()  File "tools/train.py", line 263, in <module>
  File "tools/train.py", line 263, in <module>


  File "tools/train.py", line 104, in main
  File "tools/train.py", line 104, in main
    main()
  File "tools/train.py", line 104, in main
    main()    
        cfg = Config.fromfile(args.config)  File "tools/train.py", line 104, in main
cfg = Config.fromfile(args.config)    main()    
    
main()
    main()  File "/hpc2hdd/home/jpan305/miniconda3/envs/openocc/lib/python3.7/site-packages/mmcv/utils/config.py", line 332, in fromfile
main()
  File "/hpc2hdd/home/jpan305/miniconda3/envs/openocc/lib/python3.7/site-packages/mmcv/utils/config.py", line 332, in fromfile
  File "tools/train.py", line 104, in main

  File "tools/train.py", line 104, in main
  File "tools/train.py", line 104, in main
cfg = Config.fromfile(args.config)

  File "/hpc2hdd/home/jpan305/miniconda3/envs/openocc/lib/python3.7/site-packages/mmcv/utils/config.py", line 332, in fromfile
      File "tools/train.py", line 104, in main
cfg = Config.fromfile(args.config)
      File "/hpc2hdd/home/jpan305/miniconda3/envs/openocc/lib/python3.7/site-packages/mmcv/utils/config.py", line 332, in fromfile
cfg = Config.fromfile(args.config)    
    cfg = Config.fromfile(args.config)      File "/hpc2hdd/home/jpan305/miniconda3/envs/openocc/lib/python3.7/site-packages/mmcv/utils/config.py", line 332, in fromfile
cfg = Config.fromfile(args.config)    
use_predefined_variables)    
cfg = Config.fromfile(args.config)  File "/hpc2hdd/home/jpan305/miniconda3/envs/openocc/lib/python3.7/site-packages/mmcv/utils/config.py", line 332, in fromfile

use_predefined_variables)  File "/hpc2hdd/home/jpan305/miniconda3/envs/openocc/lib/python3.7/site-packages/mmcv/utils/config.py", line 332, in fromfile

  File "/hpc2hdd/home/jpan305/miniconda3/envs/openocc/lib/python3.7/site-packages/mmcv/utils/config.py", line 205, in _file2dict
    
  File "/hpc2hdd/home/jpan305/miniconda3/envs/openocc/lib/python3.7/site-packages/mmcv/utils/config.py", line 332, in fromfile
use_predefined_variables)  File "/hpc2hdd/home/jpan305/miniconda3/envs/openocc/lib/python3.7/site-packages/mmcv/utils/config.py", line 205, in _file2dict
    
use_predefined_variables)  File "/hpc2hdd/home/jpan305/miniconda3/envs/openocc/lib/python3.7/site-packages/mmcv/utils/config.py", line 205, in _file2dict

      File "/hpc2hdd/home/jpan305/miniconda3/envs/openocc/lib/python3.7/site-packages/mmcv/utils/config.py", line 205, in _file2dict
use_predefined_variables)
  File "/hpc2hdd/home/jpan305/miniconda3/envs/openocc/lib/python3.7/site-packages/mmcv/utils/config.py", line 205, in _file2dict
        Config._validate_py_syntax(filename)use_predefined_variables)
        
  File "/hpc2hdd/home/jpan305/miniconda3/envs/openocc/lib/python3.7/site-packages/mmcv/utils/config.py", line 103, in _validate_py_syntax
use_predefined_variables)Config._validate_py_syntax(filename)          File "/hpc2hdd/home/jpan305/miniconda3/envs/openocc/lib/python3.7/site-packages/mmcv/utils/config.py", line 205, in _file2dict


    Config._validate_py_syntax(filename)use_predefined_variables)      File "/hpc2hdd/home/jpan305/miniconda3/envs/openocc/lib/python3.7/site-packages/mmcv/utils/config.py", line 205, in _file2dict
  File "/hpc2hdd/home/jpan305/miniconda3/envs/openocc/lib/python3.7/site-packages/mmcv/utils/config.py", line 103, in _validate_py_syntax
Config._validate_py_syntax(filename)

Config._validate_py_syntax(filename)    
  File "/hpc2hdd/home/jpan305/miniconda3/envs/openocc/lib/python3.7/site-packages/mmcv/utils/config.py", line 103, in _validate_py_syntax
  File "/hpc2hdd/home/jpan305/miniconda3/envs/openocc/lib/python3.7/site-packages/mmcv/utils/config.py", line 205, in _file2dict

raise SyntaxError('There are syntax errors in config '  File "/hpc2hdd/home/jpan305/miniconda3/envs/openocc/lib/python3.7/site-packages/mmcv/utils/config.py", line 103, in _validate_py_syntax
      File "/hpc2hdd/home/jpan305/miniconda3/envs/openocc/lib/python3.7/site-packages/mmcv/utils/config.py", line 103, in _validate_py_syntax

    Config._validate_py_syntax(filename)SyntaxError    raise SyntaxError('There are syntax errors in config '
: Config._validate_py_syntax(filename)
      File "/hpc2hdd/home/jpan305/miniconda3/envs/openocc/lib/python3.7/site-packages/mmcv/utils/config.py", line 103, in _validate_py_syntax
There are syntax errors in config file /hpc2hdd/home/jpan305/pytorch/MoEOccupancy/projects/configs/uniocc_nusc/cascade_triplane_nusc_multi_r101.py: invalid syntax (<unknown>, line 187)

SyntaxError          File "/hpc2hdd/home/jpan305/miniconda3/envs/openocc/lib/python3.7/site-packages/mmcv/utils/config.py", line 103, in _validate_py_syntax
    : raise SyntaxError('There are syntax errors in config 'raise SyntaxError('There are syntax errors in config '    raise SyntaxError('There are syntax errors in config 'Config._validate_py_syntax(filename)There are syntax errors in config file /hpc2hdd/home/jpan305/pytorch/MoEOccupancy/projects/configs/uniocc_nusc/cascade_triplane_nusc_multi_r101.py: invalid syntax (<unknown>, line 187)

raise SyntaxError('There are syntax errors in config '


SyntaxErrorSyntaxError
SyntaxError      File "/hpc2hdd/home/jpan305/miniconda3/envs/openocc/lib/python3.7/site-packages/mmcv/utils/config.py", line 103, in _validate_py_syntax
: : SyntaxError: raise SyntaxError('There are syntax errors in config 'There are syntax errors in config file /hpc2hdd/home/jpan305/pytorch/MoEOccupancy/projects/configs/uniocc_nusc/cascade_triplane_nusc_multi_r101.py: invalid syntax (<unknown>, line 187)There are syntax errors in config file /hpc2hdd/home/jpan305/pytorch/MoEOccupancy/projects/configs/uniocc_nusc/cascade_triplane_nusc_multi_r101.py: invalid syntax (<unknown>, line 187): There are syntax errors in config file /hpc2hdd/home/jpan305/pytorch/MoEOccupancy/projects/configs/uniocc_nusc/cascade_triplane_nusc_multi_r101.py: invalid syntax (<unknown>, line 187)


There are syntax errors in config file /hpc2hdd/home/jpan305/pytorch/MoEOccupancy/projects/configs/uniocc_nusc/cascade_triplane_nusc_multi_r101.py: invalid syntax (<unknown>, line 187)
SyntaxError
    : raise SyntaxError('There are syntax errors in config 'There are syntax errors in config file /hpc2hdd/home/jpan305/pytorch/MoEOccupancy/projects/configs/uniocc_nusc/cascade_triplane_nusc_multi_r101.py: invalid syntax (<unknown>, line 187)

SyntaxError: There are syntax errors in config file /hpc2hdd/home/jpan305/pytorch/MoEOccupancy/projects/configs/uniocc_nusc/cascade_triplane_nusc_multi_r101.py: invalid syntax (<unknown>, line 187)
Exception ignored in: <function _TemporaryFileCloser.__del__ at 0x7f668c45c158>
Traceback (most recent call last):
  File "/hpc2hdd/home/jpan305/miniconda3/envs/openocc/lib/python3.7/tempfile.py", line 448, in __del__
Exception ignored in: Exception ignored in: <function _TemporaryFileCloser.__del__ at 0x7f85dc6f0158><function _TemporaryFileCloser.__del__ at 0x7f62284ca158>

Traceback (most recent call last):
Traceback (most recent call last):
  File "/hpc2hdd/home/jpan305/miniconda3/envs/openocc/lib/python3.7/tempfile.py", line 448, in __del__
  File "/hpc2hdd/home/jpan305/miniconda3/envs/openocc/lib/python3.7/tempfile.py", line 448, in __del__
Exception ignored in: <function _TemporaryFileCloser.__del__ at 0x7fdb419c0158>
Traceback (most recent call last):
  File "/hpc2hdd/home/jpan305/miniconda3/envs/openocc/lib/python3.7/tempfile.py", line 448, in __del__
Exception ignored in: <function _TemporaryFileCloser.__del__ at 0x7efe11804158>
Traceback (most recent call last):
  File "/hpc2hdd/home/jpan305/miniconda3/envs/openocc/lib/python3.7/tempfile.py", line 448, in __del__
Exception ignored in: Exception ignored in: <function _TemporaryFileCloser.__del__ at 0x7ffaf6500158><function _TemporaryFileCloser.__del__ at 0x7f66ca592158>

Traceback (most recent call last):
Traceback (most recent call last):
  File "/hpc2hdd/home/jpan305/miniconda3/envs/openocc/lib/python3.7/tempfile.py", line 448, in __del__
  File "/hpc2hdd/home/jpan305/miniconda3/envs/openocc/lib/python3.7/tempfile.py", line 448, in __del__
    self.close()
          File "/hpc2hdd/home/jpan305/miniconda3/envs/openocc/lib/python3.7/tempfile.py", line 444, in close
self.close()self.close()

  File "/hpc2hdd/home/jpan305/miniconda3/envs/openocc/lib/python3.7/tempfile.py", line 444, in close
      File "/hpc2hdd/home/jpan305/miniconda3/envs/openocc/lib/python3.7/tempfile.py", line 444, in close
self.close()    
    self.close()  File "/hpc2hdd/home/jpan305/miniconda3/envs/openocc/lib/python3.7/tempfile.py", line 444, in close
    self.close()

    self.close()  File "/hpc2hdd/home/jpan305/miniconda3/envs/openocc/lib/python3.7/tempfile.py", line 444, in close
      File "/hpc2hdd/home/jpan305/miniconda3/envs/openocc/lib/python3.7/tempfile.py", line 444, in close
    unlink(self.name)    
unlink(self.name)unlink(self.name)
unlink(self.name)  File "/hpc2hdd/home/jpan305/miniconda3/envs/openocc/lib/python3.7/tempfile.py", line 444, in close


FileNotFoundError
FileNotFoundErrorFileNotFoundError: FileNotFoundError: : [Errno 2] No such file or directory: '/tmp/tmpf58k9ar3/tmp4d7e5i45.py': [Errno 2] No such file or directory: '/tmp/tmptthbeiti/tmpv303n8qt.py'[Errno 2] No such file or directory: '/tmp/tmpxs_uco61/tmp0y2jonhf.py'
[Errno 2] No such file or directory: '/tmp/tmpeh5k6yzw/tmpbz9e02nq.py'    

    
unlink(self.name)unlink(self.name)

FileNotFoundErrorFileNotFoundError: :     [Errno 2] No such file or directory: '/tmp/tmpv96tvkyg/tmpord71a0g.py'[Errno 2] No such file or directory: '/tmp/tmpzv9xbstp/tmp_cm2_x36.py'unlink(self.name)


FileNotFoundError: [Errno 2] No such file or directory: '/tmp/tmpqtql4162/tmpqe2oqvqo.py'
Exception ignored in: <function _TemporaryFileCloser.__del__ at 0x7f297df58158>
Traceback (most recent call last):
  File "/hpc2hdd/home/jpan305/miniconda3/envs/openocc/lib/python3.7/tempfile.py", line 448, in __del__
    self.close()
  File "/hpc2hdd/home/jpan305/miniconda3/envs/openocc/lib/python3.7/tempfile.py", line 444, in close
    unlink(self.name)
FileNotFoundError: [Errno 2] No such file or directory: '/tmp/tmpq54y_o9k/tmpg9k668zx.py'
WARNING:torch.distributed.elastic.multiprocessing.api:Sending process 88234 closing signal SIGTERM
ERROR:torch.distributed.elastic.multiprocessing.api:failed (exitcode: 1) local_rank: 0 (pid: 88231) of binary: /hpc2hdd/home/jpan305/miniconda3/envs/openocc/bin/python
Traceback (most recent call last):
  File "/hpc2hdd/home/jpan305/miniconda3/envs/openocc/lib/python3.7/runpy.py", line 193, in _run_module_as_main
    "__main__", mod_spec)
  File "/hpc2hdd/home/jpan305/miniconda3/envs/openocc/lib/python3.7/runpy.py", line 85, in _run_code
    exec(code, run_globals)
  File "/hpc2hdd/home/jpan305/miniconda3/envs/openocc/lib/python3.7/site-packages/torch/distributed/launch.py", line 193, in <module>
    main()
  File "/hpc2hdd/home/jpan305/miniconda3/envs/openocc/lib/python3.7/site-packages/torch/distributed/launch.py", line 189, in main
    launch(args)
  File "/hpc2hdd/home/jpan305/miniconda3/envs/openocc/lib/python3.7/site-packages/torch/distributed/launch.py", line 174, in launch
    run(args)
  File "/hpc2hdd/home/jpan305/miniconda3/envs/openocc/lib/python3.7/site-packages/torch/distributed/run.py", line 713, in run
    )(*cmd_args)
  File "/hpc2hdd/home/jpan305/miniconda3/envs/openocc/lib/python3.7/site-packages/torch/distributed/launcher/api.py", line 131, in __call__
    return launch_agent(self._config, self._entrypoint, list(args))
  File "/hpc2hdd/home/jpan305/miniconda3/envs/openocc/lib/python3.7/site-packages/torch/distributed/launcher/api.py", line 261, in launch_agent
    failures=result.failures,
torch.distributed.elastic.multiprocessing.errors.ChildFailedError: 
============================================================
tools/train.py FAILED
------------------------------------------------------------
Failures:
[1]:
  time      : 2023-09-26_19:59:43
  host      : gpu3-10.hkust-gz.edu.cn
  rank      : 1 (local_rank: 1)
  exitcode  : 1 (pid: 88232)
  error_file: <N/A>
  traceback : To enable traceback see: https://pytorch.org/docs/stable/elastic/errors.html
[2]:
  time      : 2023-09-26_19:59:43
  host      : gpu3-10.hkust-gz.edu.cn
  rank      : 2 (local_rank: 2)
  exitcode  : 1 (pid: 88233)
  error_file: <N/A>
  traceback : To enable traceback see: https://pytorch.org/docs/stable/elastic/errors.html
[3]:
  time      : 2023-09-26_19:59:43
  host      : gpu3-10.hkust-gz.edu.cn
  rank      : 4 (local_rank: 4)
  exitcode  : 1 (pid: 88235)
  error_file: <N/A>
  traceback : To enable traceback see: https://pytorch.org/docs/stable/elastic/errors.html
[4]:
  time      : 2023-09-26_19:59:43
  host      : gpu3-10.hkust-gz.edu.cn
  rank      : 5 (local_rank: 5)
  exitcode  : 1 (pid: 88236)
  error_file: <N/A>
  traceback : To enable traceback see: https://pytorch.org/docs/stable/elastic/errors.html
[5]:
  time      : 2023-09-26_19:59:43
  host      : gpu3-10.hkust-gz.edu.cn
  rank      : 6 (local_rank: 6)
  exitcode  : 1 (pid: 88237)
  error_file: <N/A>
  traceback : To enable traceback see: https://pytorch.org/docs/stable/elastic/errors.html
[6]:
  time      : 2023-09-26_19:59:43
  host      : gpu3-10.hkust-gz.edu.cn
  rank      : 7 (local_rank: 7)
  exitcode  : 1 (pid: 88238)
  error_file: <N/A>
  traceback : To enable traceback see: https://pytorch.org/docs/stable/elastic/errors.html
------------------------------------------------------------
Root Cause (first observed failure):
[0]:
  time      : 2023-09-26_19:59:43
  host      : gpu3-10.hkust-gz.edu.cn
  rank      : 0 (local_rank: 0)
  exitcode  : 1 (pid: 88231)
  error_file: <N/A>
  traceback : To enable traceback see: https://pytorch.org/docs/stable/elastic/errors.html
============================================================
